[2024-06-07T09:36:55+08:00][sql] CONNECT:[ UseTime:0.024027s ] mysql:host=127.0.0.1;port=3308;dbname=jade;charset=utf8mb4
[2024-06-07T09:36:55+08:00][sql] SHOW FULL COLUMNS FROM `app` [ RunTime:0.001438s ]
[2024-06-07T09:36:55+08:00][sql] SELECT `app_secret` FROM `app` WHERE  `app_id` = 'ty9fd2848a039ab554' LIMIT 1 [ RunTime:0.000303s ]
[2024-06-07T09:36:55+08:00][sql] SHOW FULL COLUMNS FROM `admin` [ RunTime:0.003350s ]
[2024-06-07T09:36:55+08:00][sql] SELECT `id`,`type`,`username`,`nickname`,`email`,`phone`,`avatar`,`password`,`halt`,`status` FROM `admin` WHERE  `username` = 'admin' LIMIT 1 [ RunTime:0.000853s ]
[2024-06-07T09:36:55+08:00][sql] SHOW FULL COLUMNS FROM `auth_group_access` [ RunTime:0.003082s ]
[2024-06-07T09:36:55+08:00][sql] SELECT `auth_group_access`.`uid`,`auth_group_access`.`group_id`,`auth_group`.`title`,`auth_group`.`rules` FROM `auth_group_access` LEFT JOIN `auth_group` ON `auth_group_access`.`group_id`=`auth_group`.`id` WHERE  ( auth_group_access.uid='1' and auth_group.status='1' ) [ RunTime:0.002597s ]
[2024-06-07T09:36:56+08:00][sql] UPDATE `admin`  SET `login_time` = '2024-06-07 09:36:55' , `login_ip` = '192.168.28.231' , `update_time` = '2024-06-07 09:36:56.017483'  WHERE  `id` = 1 [ RunTime:0.003588s ]
[2024-06-07T09:36:56+08:00][sql] SHOW FULL COLUMNS FROM `admin_login_log` [ RunTime:0.001198s ]
[2024-06-07T09:36:56+08:00][sql] INSERT INTO `admin_login_log` SET `uid` = 1 , `login_time` = '2024-06-07 09:36:55' , `login_ip` = '192.168.28.231' [ RunTime:0.000264s ]
[2024-06-07T09:36:57+08:00][sql] CONNECT:[ UseTime:0.022651s ] mysql:host=127.0.0.1;port=3308;dbname=jade;charset=utf8mb4
[2024-06-07T09:36:57+08:00][sql] SHOW FULL COLUMNS FROM `admin` [ RunTime:0.006045s ]
[2024-06-07T09:36:57+08:00][sql] SELECT `id`,`username`,`nickname`,`phone`,`email`,`avatar`,`sign` FROM `admin` WHERE  `id` = 1 LIMIT 1 [ RunTime:0.001185s ]
[2024-06-07T09:36:57+08:00][sql] SHOW FULL COLUMNS FROM `auth_group_access` [ RunTime:0.006473s ]
[2024-06-07T09:36:57+08:00][sql] SELECT `auth_group_access`.`uid`,`auth_group_access`.`group_id`,`auth_group`.`title`,`auth_group`.`rules` FROM `auth_group_access` LEFT JOIN `auth_group` ON `auth_group_access`.`group_id`=`auth_group`.`id` WHERE  ( auth_group_access.uid='1' and auth_group.status='1' ) [ RunTime:0.004925s ]
[2024-06-07T09:36:57+08:00][sql] SHOW FULL COLUMNS FROM `auth_rule` [ RunTime:0.002832s ]
[2024-06-07T09:36:57+08:00][sql] SELECT `id`,`name`,`title`,`path`,`icon`,`pid`,`menu`,`component`,`always_show`,`redirect`,`show` FROM `auth_rule` WHERE  `id` IN (1,2,3,4,5,6,7,8,9,10,11,12,13,14,15,33,36,54,34,35,29,31,81,82,83,84,85,72,32,74,73,76,75,40,50,49,53,52,51,56,55,48,46,77,78,79,80,60,61,62,63,47,58,59,57,64,67,66,65,68,71,70,69,16,17,18,25,86,88,89,91,93,90,92,87)  AND `status` = 1 ORDER BY `pid` ASC,`sort` DESC [ RunTime:0.001446s ]
[2024-06-07T09:36:58+08:00][sql] SELECT `group_id` FROM `auth_group_access` WHERE  `uid` = 1 [ RunTime:0.000365s ]
[2024-06-07T09:36:58+08:00][sql] CONNECT:[ UseTime:0.021664s ] mysql:host=127.0.0.1;port=3308;dbname=jade;charset=utf8mb4
[2024-06-07T09:36:58+08:00][sql] SHOW FULL COLUMNS FROM `admin_cartrailer` [ RunTime:0.001394s ]
[2024-06-07T09:36:58+08:00][sql] SELECT `id`,`trailer_plate`,`scrapp_time`,`inspection_time`,`validity_time`,`frame_time` FROM `admin_cartrailer` WHERE  `scrapp_time` < '2024-07-07' OR `inspection_time` < '2024-07-07'  OR `validity_time` < '2024-07-07'  OR `frame_time` < '2024-07-07' [ RunTime:0.000407s ]
[2024-06-07T09:36:58+08:00][sql] SHOW FULL COLUMNS FROM `admin_carhead` [ RunTime:0.001382s ]
[2024-06-07T09:36:58+08:00][sql] SELECT `id`,`carhead_plate`,`scrapp_time`,`inspection_time`,`validity_time`,`traffic_time` FROM `admin_carhead` WHERE  `scrapp_time` < '2024-07-07' OR `inspection_time` < '2024-07-07'  OR `validity_time` < '2024-07-07'  OR `traffic_time` < '2024-07-07' [ RunTime:0.000305s ]
[2024-06-07T09:36:58+08:00][sql] SHOW FULL COLUMNS FROM `admin_info_notice` [ RunTime:0.001635s ]
[2024-06-07T09:36:58+08:00][sql] SELECT * FROM `admin_info_notice` WHERE  `deal` = 0  AND `isread` = 0  AND `car_id` = 4  AND `trailer_plate` = '辽A213'  AND `path` = '#/info/trailer'  AND `scrapp_time` = '2024-06-29' LIMIT 1 [ RunTime:0.000456s ]
[2024-06-07T09:36:58+08:00][sql] INSERT INTO `admin_info_notice` SET `deal` = 0 , `isread` = 0 , `car_id` = 4 , `trailer_plate` = '辽A213' , `path` = '#/info/trailer' , `scrapp_time` = '2024-06-29' , `overdue` = '2024-06-29' , `msg` = '挂车[辽A213]强制报废日期即将到期' [ RunTime:0.000310s ]
[2024-06-07T09:36:58+08:00][sql] SELECT * FROM `admin_info_notice` WHERE  `deal` = 0  AND `isread` = 0  AND `car_id` = 4  AND `trailer_plate` = '辽A213'  AND `path` = '#/info/trailer'  AND `overdue` = '2024-06-29'  AND `msg` = '挂车[辽A213]强制报废日期即将到期'  AND `inspection_time` = '2024-06-28' LIMIT 1 [ RunTime:0.000346s ]
[2024-06-07T09:36:58+08:00][sql] INSERT INTO `admin_info_notice` SET `deal` = 0 , `isread` = 0 , `car_id` = 4 , `trailer_plate` = '辽A213' , `path` = '#/info/trailer' , `overdue` = '2024-06-28' , `msg` = '挂车[辽A213]检验有效期即将到期' , `inspection_time` = '2024-06-28' [ RunTime:0.049614s ]
[2024-06-07T09:36:58+08:00][sql] SELECT * FROM `admin_info_notice` WHERE  `deal` = 0  AND `isread` = 0  AND `car_id` = 5  AND `trailer_plate` = '辽A214'  AND `path` = '#/info/trailer'  AND `overdue` = '2024-06-28'  AND `msg` = '挂车[辽A213]检验有效期即将到期'  AND `scrapp_time` = '2024-06-22' LIMIT 1 [ RunTime:0.000470s ]
[2024-06-07T09:36:58+08:00][sql] INSERT INTO `admin_info_notice` SET `deal` = 0 , `isread` = 0 , `car_id` = 5 , `trailer_plate` = '辽A214' , `path` = '#/info/trailer' , `overdue` = '2024-06-22' , `msg` = '挂车[辽A214]强制报废日期即将到期' , `scrapp_time` = '2024-06-22' [ RunTime:0.098824s ]
[2024-06-07T09:36:58+08:00][sql] SELECT * FROM `admin_info_notice` WHERE  `deal` = 0  AND `isread` = 0  AND `car_id` = 5  AND `trailer_plate` = '辽A214'  AND `path` = '#/info/trailer'  AND `overdue` = '2024-06-22'  AND `msg` = '挂车[辽A214]强制报废日期即将到期'  AND `inspection_time` = '2024-06-29' LIMIT 1 [ RunTime:0.000458s ]
[2024-06-07T09:36:58+08:00][sql] INSERT INTO `admin_info_notice` SET `deal` = 0 , `isread` = 0 , `car_id` = 5 , `trailer_plate` = '辽A214' , `path` = '#/info/trailer' , `overdue` = '2024-06-29' , `msg` = '挂车[辽A214]检验有效期即将到期' , `inspection_time` = '2024-06-29' [ RunTime:0.061672s ]
[2024-06-07T09:36:58+08:00][sql] SELECT * FROM `admin_info_notice` WHERE  `deal` = 0  AND `isread` = 0  AND `car_id` = 6  AND `trailer_plate` = '辽A215'  AND `path` = '#/info/trailer'  AND `overdue` = '2024-06-29'  AND `msg` = '挂车[辽A214]检验有效期即将到期'  AND `scrapp_time` = '2024-06-29' LIMIT 1 [ RunTime:0.000466s ]
[2024-06-07T09:36:58+08:00][sql] INSERT INTO `admin_info_notice` SET `deal` = 0 , `isread` = 0 , `car_id` = 6 , `trailer_plate` = '辽A215' , `path` = '#/info/trailer' , `overdue` = '2024-06-29' , `msg` = '挂车[辽A215]强制报废日期即将到期' , `scrapp_time` = '2024-06-29' [ RunTime:0.101732s ]
[2024-06-07T09:36:58+08:00][sql] SELECT * FROM `admin_info_notice` WHERE  `deal` = 0  AND `isread` = 0  AND `car_id` = 8  AND `trailer_plate` = '辽A217'  AND `path` = '#/info/trailer'  AND `overdue` = '2024-06-29'  AND `msg` = '挂车[辽A215]强制报废日期即将到期'  AND `scrapp_time` = '2024-06-22' LIMIT 1 [ RunTime:0.000451s ]
[2024-06-07T09:36:58+08:00][sql] INSERT INTO `admin_info_notice` SET `deal` = 0 , `isread` = 0 , `car_id` = 8 , `trailer_plate` = '辽A217' , `path` = '#/info/trailer' , `overdue` = '2024-06-22' , `msg` = '挂车[辽A217]强制报废日期即将到期' , `scrapp_time` = '2024-06-22' [ RunTime:0.041115s ]
[2024-06-07T09:36:58+08:00][sql] SELECT * FROM `admin_info_notice` WHERE  `deal` = 0  AND `isread` = 0  AND `car_id` = 10  AND `path` = '#/info/carhead'  AND `overdue` = '2024-06-22'  AND `msg` = '挂车[辽A217]强制报废日期即将到期'  AND `scrapp_time` = '2024-06-30'  AND `carhead_plate` = '辽B127' LIMIT 1 [ RunTime:0.001770s ]
[2024-06-07T09:36:58+08:00][sql] INSERT INTO `admin_info_notice` SET `deal` = 0 , `isread` = 0 , `car_id` = 10 , `path` = '#/info/carhead' , `overdue` = '2024-06-30' , `msg` = '车头[辽B127]强制报废日期即将到期' , `scrapp_time` = '2024-06-30' , `carhead_plate` = '辽B127' [ RunTime:0.035489s ]
[2024-06-07T09:36:58+08:00][sql] SELECT * FROM `admin_info_notice` WHERE  `deal` = 0  AND `isread` = 0  AND `car_id` = 10  AND `path` = '#/info/carhead'  AND `overdue` = '2024-06-30'  AND `msg` = '车头[辽B127]强制报废日期即将到期'  AND `carhead_plate` = '辽B127'  AND `inspection_time` = '2024-05-24' LIMIT 1 [ RunTime:0.001063s ]
[2024-06-07T09:36:58+08:00][sql] INSERT INTO `admin_info_notice` SET `deal` = 0 , `isread` = 0 , `car_id` = 10 , `path` = '#/info/carhead' , `overdue` = '2024-05-24' , `msg` = '车头[辽B127]检验有效期已过期' , `carhead_plate` = '辽B127' , `inspection_time` = '2024-05-24' [ RunTime:0.039311s ]
[2024-06-07T09:36:58+08:00][sql] SELECT * FROM `admin_info_notice` WHERE  `deal` = 0  AND `isread` = 0  AND `car_id` = 11  AND `path` = '#/info/carhead'  AND `overdue` = '2024-05-24'  AND `msg` = '车头[辽B127]检验有效期已过期'  AND `carhead_plate` = '辽B128'  AND `inspection_time` = '2024-06-22' LIMIT 1 [ RunTime:0.000524s ]
[2024-06-07T09:36:58+08:00][sql] INSERT INTO `admin_info_notice` SET `deal` = 0 , `isread` = 0 , `car_id` = 11 , `path` = '#/info/carhead' , `overdue` = '2024-06-22' , `msg` = '车头[辽B128]检验有效期即将到期' , `carhead_plate` = '辽B128' , `inspection_time` = '2024-06-22' [ RunTime:0.022393s ]
[2024-06-07T09:36:58+08:00][sql] SELECT id as command,`id`,`msg`,`path`,`overdue` FROM `admin_info_notice` WHERE  `deal` = 0  AND `isread` = 0 [ RunTime:0.000365s ]
[2024-06-07T09:36:59+08:00][sql] CONNECT:[ UseTime:0.000564s ] mysql:host=127.0.0.1;port=3308;dbname=jade;charset=utf8mb4
[2024-06-07T09:36:59+08:00][sql] SHOW FULL COLUMNS FROM `admin` [ RunTime:0.001505s ]
[2024-06-07T09:36:59+08:00][sql] SELECT COUNT(*) AS think_count FROM `admin` WHERE  `type` = '2' LIMIT 1 [ RunTime:0.000351s ]
[2024-06-07T09:36:59+08:00][sql] SHOW FULL COLUMNS FROM `admin_carplan` [ RunTime:0.001538s ]
[2024-06-07T09:36:59+08:00][sql] SELECT COUNT(*) AS think_count FROM `admin_carplan` WHERE  `plan_type` = 0  AND `year` = '2024' LIMIT 1 [ RunTime:0.000378s ]
[2024-06-07T09:36:59+08:00][sql] SELECT COUNT(*) AS think_count FROM `admin_carplan` WHERE  `plan_type` = 1  AND `year` = '2024' LIMIT 1 [ RunTime:0.000266s ]
[2024-06-07T09:36:59+08:00][sql] SELECT COUNT(*) AS think_count FROM `admin_carplan` WHERE  `plan_type` = 2  AND `year` = '2024' LIMIT 1 [ RunTime:0.000278s ]
[2024-06-07T09:36:59+08:00][sql] SELECT COUNT(*) AS think_count FROM `admin_carplan` WHERE  `plan_type` = 0  AND `month` = '1'  AND `year` = '2024' LIMIT 1 [ RunTime:0.000251s ]
[2024-06-07T09:36:59+08:00][sql] SELECT COUNT(*) AS think_count FROM `admin_carplan` WHERE  `plan_type` = 1  AND `month` = '1'  AND `year` = '2024' LIMIT 1 [ RunTime:0.000250s ]
[2024-06-07T09:36:59+08:00][sql] SELECT COUNT(*) AS think_count FROM `admin_carplan` WHERE  `plan_type` = 2  AND `month` = '1'  AND `year` = '2024' LIMIT 1 [ RunTime:0.000187s ]
[2024-06-07T09:36:59+08:00][sql] SHOW FULL COLUMNS FROM `admin_cost` [ RunTime:0.001321s ]
[2024-06-07T09:36:59+08:00][sql] SELECT COUNT(*) AS think_count FROM `admin_cost` WHERE  `month` = '1'  AND `year` = 2024 LIMIT 1 [ RunTime:0.000221s ]
[2024-06-07T09:36:59+08:00][sql] SELECT COUNT(*) AS think_count FROM `admin_carplan` WHERE  `plan_type` = 0  AND `month` = '2'  AND `year` = '2024' LIMIT 1 [ RunTime:0.000242s ]
[2024-06-07T09:36:59+08:00][sql] SELECT COUNT(*) AS think_count FROM `admin_carplan` WHERE  `plan_type` = 1  AND `month` = '2'  AND `year` = '2024' LIMIT 1 [ RunTime:0.000193s ]
[2024-06-07T09:36:59+08:00][sql] SELECT COUNT(*) AS think_count FROM `admin_carplan` WHERE  `plan_type` = 2  AND `month` = '2'  AND `year` = '2024' LIMIT 1 [ RunTime:0.000221s ]
[2024-06-07T09:36:59+08:00][sql] SELECT COUNT(*) AS think_count FROM `admin_cost` WHERE  `month` = '2'  AND `year` = 2024 LIMIT 1 [ RunTime:0.000222s ]
[2024-06-07T09:36:59+08:00][sql] SELECT COUNT(*) AS think_count FROM `admin_carplan` WHERE  `plan_type` = 0  AND `month` = '3'  AND `year` = '2024' LIMIT 1 [ RunTime:0.000187s ]
[2024-06-07T09:36:59+08:00][sql] SELECT COUNT(*) AS think_count FROM `admin_carplan` WHERE  `plan_type` = 1  AND `month` = '3'  AND `year` = '2024' LIMIT 1 [ RunTime:0.000218s ]
[2024-06-07T09:36:59+08:00][sql] SELECT COUNT(*) AS think_count FROM `admin_carplan` WHERE  `plan_type` = 2  AND `month` = '3'  AND `year` = '2024' LIMIT 1 [ RunTime:0.000217s ]
[2024-06-07T09:36:59+08:00][sql] SELECT COUNT(*) AS think_count FROM `admin_cost` WHERE  `month` = '3'  AND `year` = 2024 LIMIT 1 [ RunTime:0.000174s ]
[2024-06-07T09:36:59+08:00][sql] SELECT COUNT(*) AS think_count FROM `admin_carplan` WHERE  `plan_type` = 0  AND `month` = '4'  AND `year` = '2024' LIMIT 1 [ RunTime:0.000204s ]
[2024-06-07T09:36:59+08:00][sql] SELECT COUNT(*) AS think_count FROM `admin_carplan` WHERE  `plan_type` = 1  AND `month` = '4'  AND `year` = '2024' LIMIT 1 [ RunTime:0.000205s ]
[2024-06-07T09:36:59+08:00][sql] SELECT COUNT(*) AS think_count FROM `admin_carplan` WHERE  `plan_type` = 2  AND `month` = '4'  AND `year` = '2024' LIMIT 1 [ RunTime:0.000203s ]
[2024-06-07T09:36:59+08:00][sql] SELECT COUNT(*) AS think_count FROM `admin_cost` WHERE  `month` = '4'  AND `year` = 2024 LIMIT 1 [ RunTime:0.000197s ]
[2024-06-07T09:36:59+08:00][sql] SELECT COUNT(*) AS think_count FROM `admin_carplan` WHERE  `plan_type` = 0  AND `month` = '5'  AND `year` = '2024' LIMIT 1 [ RunTime:0.000200s ]
[2024-06-07T09:36:59+08:00][sql] SELECT COUNT(*) AS think_count FROM `admin_carplan` WHERE  `plan_type` = 1  AND `month` = '5'  AND `year` = '2024' LIMIT 1 [ RunTime:0.000217s ]
[2024-06-07T09:36:59+08:00][sql] SELECT COUNT(*) AS think_count FROM `admin_carplan` WHERE  `plan_type` = 2  AND `month` = '5'  AND `year` = '2024' LIMIT 1 [ RunTime:0.000202s ]
[2024-06-07T09:36:59+08:00][sql] SELECT COUNT(*) AS think_count FROM `admin_cost` WHERE  `month` = '5'  AND `year` = 2024 LIMIT 1 [ RunTime:0.000171s ]
[2024-06-07T09:36:59+08:00][sql] SELECT COUNT(*) AS think_count FROM `admin_carplan` WHERE  `plan_type` = 0  AND `month` = '6'  AND `year` = '2024' LIMIT 1 [ RunTime:0.000233s ]
[2024-06-07T09:36:59+08:00][sql] SELECT COUNT(*) AS think_count FROM `admin_carplan` WHERE  `plan_type` = 1  AND `month` = '6'  AND `year` = '2024' LIMIT 1 [ RunTime:0.000202s ]
[2024-06-07T09:36:59+08:00][sql] SELECT COUNT(*) AS think_count FROM `admin_carplan` WHERE  `plan_type` = 2  AND `month` = '6'  AND `year` = '2024' LIMIT 1 [ RunTime:0.000203s ]
[2024-06-07T09:36:59+08:00][sql] SELECT COUNT(*) AS think_count FROM `admin_cost` WHERE  `month` = '6'  AND `year` = 2024 LIMIT 1 [ RunTime:0.000194s ]
[2024-06-07T09:36:59+08:00][sql] SELECT COUNT(*) AS think_count FROM `admin_carplan` WHERE  `plan_type` = 0  AND `month` = '7'  AND `year` = '2024' LIMIT 1 [ RunTime:0.000234s ]
[2024-06-07T09:36:59+08:00][sql] SELECT COUNT(*) AS think_count FROM `admin_carplan` WHERE  `plan_type` = 1  AND `month` = '7'  AND `year` = '2024' LIMIT 1 [ RunTime:0.000198s ]
[2024-06-07T09:36:59+08:00][sql] SELECT COUNT(*) AS think_count FROM `admin_carplan` WHERE  `plan_type` = 2  AND `month` = '7'  AND `year` = '2024' LIMIT 1 [ RunTime:0.000200s ]
[2024-06-07T09:36:59+08:00][sql] SELECT COUNT(*) AS think_count FROM `admin_cost` WHERE  `month` = '7'  AND `year` = 2024 LIMIT 1 [ RunTime:0.000225s ]
[2024-06-07T09:36:59+08:00][sql] SELECT COUNT(*) AS think_count FROM `admin_carplan` WHERE  `plan_type` = 0  AND `month` = '8'  AND `year` = '2024' LIMIT 1 [ RunTime:0.000212s ]
[2024-06-07T09:36:59+08:00][sql] SELECT COUNT(*) AS think_count FROM `admin_carplan` WHERE  `plan_type` = 1  AND `month` = '8'  AND `year` = '2024' LIMIT 1 [ RunTime:0.000251s ]
[2024-06-07T09:36:59+08:00][sql] SELECT COUNT(*) AS think_count FROM `admin_carplan` WHERE  `plan_type` = 2  AND `month` = '8'  AND `year` = '2024' LIMIT 1 [ RunTime:0.000263s ]
[2024-06-07T09:36:59+08:00][sql] SELECT COUNT(*) AS think_count FROM `admin_cost` WHERE  `month` = '8'  AND `year` = 2024 LIMIT 1 [ RunTime:0.000199s ]
[2024-06-07T09:36:59+08:00][sql] SELECT COUNT(*) AS think_count FROM `admin_carplan` WHERE  `plan_type` = 0  AND `month` = '9'  AND `year` = '2024' LIMIT 1 [ RunTime:0.000199s ]
[2024-06-07T09:36:59+08:00][sql] SELECT COUNT(*) AS think_count FROM `admin_carplan` WHERE  `plan_type` = 1  AND `month` = '9'  AND `year` = '2024' LIMIT 1 [ RunTime:0.000234s ]
[2024-06-07T09:36:59+08:00][sql] SELECT COUNT(*) AS think_count FROM `admin_carplan` WHERE  `plan_type` = 2  AND `month` = '9'  AND `year` = '2024' LIMIT 1 [ RunTime:0.000202s ]
[2024-06-07T09:36:59+08:00][sql] SELECT COUNT(*) AS think_count FROM `admin_cost` WHERE  `month` = '9'  AND `year` = 2024 LIMIT 1 [ RunTime:0.000187s ]
[2024-06-07T09:36:59+08:00][sql] SELECT COUNT(*) AS think_count FROM `admin_carplan` WHERE  `plan_type` = 0  AND `month` = '10'  AND `year` = '2024' LIMIT 1 [ RunTime:0.000232s ]
[2024-06-07T09:36:59+08:00][sql] SELECT COUNT(*) AS think_count FROM `admin_carplan` WHERE  `plan_type` = 1  AND `month` = '10'  AND `year` = '2024' LIMIT 1 [ RunTime:0.000204s ]
[2024-06-07T09:36:59+08:00][sql] SELECT COUNT(*) AS think_count FROM `admin_carplan` WHERE  `plan_type` = 2  AND `month` = '10'  AND `year` = '2024' LIMIT 1 [ RunTime:0.000245s ]
[2024-06-07T09:36:59+08:00][sql] SELECT COUNT(*) AS think_count FROM `admin_cost` WHERE  `month` = '10'  AND `year` = 2024 LIMIT 1 [ RunTime:0.000193s ]
[2024-06-07T09:36:59+08:00][sql] SELECT COUNT(*) AS think_count FROM `admin_carplan` WHERE  `plan_type` = 0  AND `month` = '11'  AND `year` = '2024' LIMIT 1 [ RunTime:0.000230s ]
[2024-06-07T09:36:59+08:00][sql] SELECT COUNT(*) AS think_count FROM `admin_carplan` WHERE  `plan_type` = 1  AND `month` = '11'  AND `year` = '2024' LIMIT 1 [ RunTime:0.000214s ]
[2024-06-07T09:36:59+08:00][sql] SELECT COUNT(*) AS think_count FROM `admin_carplan` WHERE  `plan_type` = 2  AND `month` = '11'  AND `year` = '2024' LIMIT 1 [ RunTime:0.000204s ]
[2024-06-07T09:36:59+08:00][sql] SELECT COUNT(*) AS think_count FROM `admin_cost` WHERE  `month` = '11'  AND `year` = 2024 LIMIT 1 [ RunTime:0.000198s ]
[2024-06-07T09:36:59+08:00][sql] SELECT COUNT(*) AS think_count FROM `admin_carplan` WHERE  `plan_type` = 0  AND `month` = '12'  AND `year` = '2024' LIMIT 1 [ RunTime:0.000202s ]
[2024-06-07T09:36:59+08:00][sql] SELECT COUNT(*) AS think_count FROM `admin_carplan` WHERE  `plan_type` = 1  AND `month` = '12'  AND `year` = '2024' LIMIT 1 [ RunTime:0.000200s ]
[2024-06-07T09:36:59+08:00][sql] SELECT COUNT(*) AS think_count FROM `admin_carplan` WHERE  `plan_type` = 2  AND `month` = '12'  AND `year` = '2024' LIMIT 1 [ RunTime:0.000200s ]
[2024-06-07T09:36:59+08:00][sql] SELECT COUNT(*) AS think_count FROM `admin_cost` WHERE  `month` = '12'  AND `year` = 2024 LIMIT 1 [ RunTime:0.000195s ]
[2024-06-07T09:36:59+08:00][sql] SHOW FULL COLUMNS FROM `admin_cost_type` [ RunTime:0.001221s ]
[2024-06-07T09:36:59+08:00][sql] SELECT * FROM `admin_cost_type` [ RunTime:0.000202s ]
[2024-06-07T09:36:59+08:00][sql] SELECT SUM(`cost_money`) AS think_sum FROM `admin_cost` WHERE  `type_name` = '过路费'  AND `year` = 2024 LIMIT 1 [ RunTime:0.000235s ]
[2024-06-07T09:36:59+08:00][sql] SELECT SUM(`cost_money`) AS think_sum FROM `admin_cost` WHERE  `type_name` = '带路费'  AND `year` = 2024 LIMIT 1 [ RunTime:0.000203s ]
[2024-06-07T09:36:59+08:00][sql] SELECT SUM(`cost_money`) AS think_sum FROM `admin_cost` WHERE  `type_name` = '罚款'  AND `year` = 2024 LIMIT 1 [ RunTime:0.000227s ]
[2024-06-07T09:36:59+08:00][sql] SELECT SUM(`cost_money`) AS think_sum FROM `admin_cost` WHERE  `type_name` = '装车费'  AND `year` = 2024 LIMIT 1 [ RunTime:0.000169s ]
[2024-06-07T09:36:59+08:00][sql] SELECT SUM(`cost_money`) AS think_sum FROM `admin_cost` WHERE  `type_name` = '卸车费'  AND `year` = 2024 LIMIT 1 [ RunTime:0.000223s ]
[2024-06-07T09:36:59+08:00][sql] SELECT SUM(`cost_money`) AS think_sum FROM `admin_cost` WHERE  `type_name` = '修车费'  AND `year` = 2024 LIMIT 1 [ RunTime:0.000216s ]
[2024-06-07T09:36:59+08:00][sql] SELECT SUM(`cost_money`) AS think_sum FROM `admin_cost` WHERE  `type_name` = '修补轮胎费'  AND `year` = 2024 LIMIT 1 [ RunTime:0.000187s ]
[2024-06-07T09:36:59+08:00][sql] SELECT SUM(`cost_money`) AS think_sum FROM `admin_cost` WHERE  `type_name` = '加油费'  AND `year` = 2024 LIMIT 1 [ RunTime:0.000239s ]
[2024-06-07T09:36:59+08:00][sql] SELECT SUM(`cost_money`) AS think_sum FROM `admin_cost` WHERE  `type_name` = '加气费'  AND `year` = 2024 LIMIT 1 [ RunTime:0.000249s ]
[2024-06-07T09:36:59+08:00][sql] SELECT SUM(`cost_money`) AS think_sum FROM `admin_cost` WHERE  `type_name` = '加水费'  AND `year` = 2024 LIMIT 1 [ RunTime:0.000274s ]
[2024-06-07T09:36:59+08:00][sql] SELECT SUM(`cost_money`) AS think_sum FROM `admin_cost` WHERE  `type_name` = '尿素费'  AND `year` = 2024 LIMIT 1 [ RunTime:0.000263s ]
[2024-06-07T09:36:59+08:00][sql] SELECT SUM(`cost_money`) AS think_sum FROM `admin_cost` WHERE  `type_name` = '其他'  AND `year` = 2024 LIMIT 1 [ RunTime:0.000267s ]
[2024-06-07T09:36:59+08:00][sql] CONNECT:[ UseTime:0.000456s ] mysql:host=127.0.0.1;port=3308;dbname=jade;charset=utf8mb4
[2024-06-07T09:36:59+08:00][sql] SHOW FULL COLUMNS FROM `admin` [ RunTime:0.001981s ]
[2024-06-07T09:36:59+08:00][sql] SELECT COUNT(*) AS think_count FROM `admin` WHERE  `type` = '2' LIMIT 1 [ RunTime:0.000369s ]
[2024-06-07T09:36:59+08:00][sql] SHOW FULL COLUMNS FROM `admin_carplan` [ RunTime:0.002113s ]
[2024-06-07T09:36:59+08:00][sql] SELECT COUNT(*) AS think_count FROM `admin_carplan` WHERE  `plan_type` = 0  AND `year` = '2024' LIMIT 1 [ RunTime:0.000249s ]
[2024-06-07T09:36:59+08:00][sql] SELECT COUNT(*) AS think_count FROM `admin_carplan` WHERE  `plan_type` = 1  AND `year` = '2024' LIMIT 1 [ RunTime:0.000187s ]
[2024-06-07T09:36:59+08:00][sql] SELECT COUNT(*) AS think_count FROM `admin_carplan` WHERE  `plan_type` = 2  AND `year` = '2024' LIMIT 1 [ RunTime:0.000186s ]
[2024-06-07T09:36:59+08:00][sql] SELECT COUNT(*) AS think_count FROM `admin_carplan` WHERE  `plan_type` = 0  AND `month` = '1'  AND `year` = '2024' LIMIT 1 [ RunTime:0.000201s ]
[2024-06-07T09:36:59+08:00][sql] SELECT COUNT(*) AS think_count FROM `admin_carplan` WHERE  `plan_type` = 1  AND `month` = '1'  AND `year` = '2024' LIMIT 1 [ RunTime:0.000190s ]
[2024-06-07T09:36:59+08:00][sql] SELECT COUNT(*) AS think_count FROM `admin_carplan` WHERE  `plan_type` = 2  AND `month` = '1'  AND `year` = '2024' LIMIT 1 [ RunTime:0.000175s ]
[2024-06-07T09:36:59+08:00][sql] SHOW FULL COLUMNS FROM `admin_cost` [ RunTime:0.002046s ]
[2024-06-07T09:36:59+08:00][sql] SELECT COUNT(*) AS think_count FROM `admin_cost` WHERE  `month` = '1'  AND `year` = 2024 LIMIT 1 [ RunTime:0.000308s ]
[2024-06-07T09:36:59+08:00][sql] SELECT COUNT(*) AS think_count FROM `admin_carplan` WHERE  `plan_type` = 0  AND `month` = '2'  AND `year` = '2024' LIMIT 1 [ RunTime:0.000201s ]
[2024-06-07T09:36:59+08:00][sql] SELECT COUNT(*) AS think_count FROM `admin_carplan` WHERE  `plan_type` = 1  AND `month` = '2'  AND `year` = '2024' LIMIT 1 [ RunTime:0.000188s ]
[2024-06-07T09:36:59+08:00][sql] SELECT COUNT(*) AS think_count FROM `admin_carplan` WHERE  `plan_type` = 2  AND `month` = '2'  AND `year` = '2024' LIMIT 1 [ RunTime:0.000179s ]
[2024-06-07T09:36:59+08:00][sql] SELECT COUNT(*) AS think_count FROM `admin_cost` WHERE  `month` = '2'  AND `year` = 2024 LIMIT 1 [ RunTime:0.000174s ]
[2024-06-07T09:36:59+08:00][sql] SELECT COUNT(*) AS think_count FROM `admin_carplan` WHERE  `plan_type` = 0  AND `month` = '3'  AND `year` = '2024' LIMIT 1 [ RunTime:0.000179s ]
[2024-06-07T09:36:59+08:00][sql] SELECT COUNT(*) AS think_count FROM `admin_carplan` WHERE  `plan_type` = 1  AND `month` = '3'  AND `year` = '2024' LIMIT 1 [ RunTime:0.000177s ]
[2024-06-07T09:36:59+08:00][sql] SELECT COUNT(*) AS think_count FROM `admin_carplan` WHERE  `plan_type` = 2  AND `month` = '3'  AND `year` = '2024' LIMIT 1 [ RunTime:0.000184s ]
[2024-06-07T09:36:59+08:00][sql] SELECT COUNT(*) AS think_count FROM `admin_cost` WHERE  `month` = '3'  AND `year` = 2024 LIMIT 1 [ RunTime:0.000181s ]
[2024-06-07T09:36:59+08:00][sql] SELECT COUNT(*) AS think_count FROM `admin_carplan` WHERE  `plan_type` = 0  AND `month` = '4'  AND `year` = '2024' LIMIT 1 [ RunTime:0.000180s ]
[2024-06-07T09:36:59+08:00][sql] SELECT COUNT(*) AS think_count FROM `admin_carplan` WHERE  `plan_type` = 1  AND `month` = '4'  AND `year` = '2024' LIMIT 1 [ RunTime:0.000184s ]
[2024-06-07T09:36:59+08:00][sql] SELECT COUNT(*) AS think_count FROM `admin_carplan` WHERE  `plan_type` = 2  AND `month` = '4'  AND `year` = '2024' LIMIT 1 [ RunTime:0.000222s ]
[2024-06-07T09:36:59+08:00][sql] SELECT COUNT(*) AS think_count FROM `admin_cost` WHERE  `month` = '4'  AND `year` = 2024 LIMIT 1 [ RunTime:0.000211s ]
[2024-06-07T09:36:59+08:00][sql] SELECT COUNT(*) AS think_count FROM `admin_carplan` WHERE  `plan_type` = 0  AND `month` = '5'  AND `year` = '2024' LIMIT 1 [ RunTime:0.000205s ]
[2024-06-07T09:36:59+08:00][sql] SELECT COUNT(*) AS think_count FROM `admin_carplan` WHERE  `plan_type` = 1  AND `month` = '5'  AND `year` = '2024' LIMIT 1 [ RunTime:0.000210s ]
[2024-06-07T09:36:59+08:00][sql] SELECT COUNT(*) AS think_count FROM `admin_carplan` WHERE  `plan_type` = 2  AND `month` = '5'  AND `year` = '2024' LIMIT 1 [ RunTime:0.000160s ]
[2024-06-07T09:36:59+08:00][sql] SELECT COUNT(*) AS think_count FROM `admin_cost` WHERE  `month` = '5'  AND `year` = 2024 LIMIT 1 [ RunTime:0.000171s ]
[2024-06-07T09:36:59+08:00][sql] SELECT COUNT(*) AS think_count FROM `admin_carplan` WHERE  `plan_type` = 0  AND `month` = '6'  AND `year` = '2024' LIMIT 1 [ RunTime:0.000174s ]
[2024-06-07T09:36:59+08:00][sql] SELECT COUNT(*) AS think_count FROM `admin_carplan` WHERE  `plan_type` = 1  AND `month` = '6'  AND `year` = '2024' LIMIT 1 [ RunTime:0.000175s ]
[2024-06-07T09:36:59+08:00][sql] SELECT COUNT(*) AS think_count FROM `admin_carplan` WHERE  `plan_type` = 2  AND `month` = '6'  AND `year` = '2024' LIMIT 1 [ RunTime:0.000160s ]
[2024-06-07T09:36:59+08:00][sql] SELECT COUNT(*) AS think_count FROM `admin_cost` WHERE  `month` = '6'  AND `year` = 2024 LIMIT 1 [ RunTime:0.000168s ]
[2024-06-07T09:36:59+08:00][sql] SELECT COUNT(*) AS think_count FROM `admin_carplan` WHERE  `plan_type` = 0  AND `month` = '7'  AND `year` = '2024' LIMIT 1 [ RunTime:0.000254s ]
[2024-06-07T09:36:59+08:00][sql] SELECT COUNT(*) AS think_count FROM `admin_carplan` WHERE  `plan_type` = 1  AND `month` = '7'  AND `year` = '2024' LIMIT 1 [ RunTime:0.000270s ]
[2024-06-07T09:36:59+08:00][sql] SELECT COUNT(*) AS think_count FROM `admin_carplan` WHERE  `plan_type` = 2  AND `month` = '7'  AND `year` = '2024' LIMIT 1 [ RunTime:0.000297s ]
[2024-06-07T09:36:59+08:00][sql] SELECT COUNT(*) AS think_count FROM `admin_cost` WHERE  `month` = '7'  AND `year` = 2024 LIMIT 1 [ RunTime:0.000249s ]
[2024-06-07T09:36:59+08:00][sql] SELECT COUNT(*) AS think_count FROM `admin_carplan` WHERE  `plan_type` = 0  AND `month` = '8'  AND `year` = '2024' LIMIT 1 [ RunTime:0.000265s ]
[2024-06-07T09:36:59+08:00][sql] SELECT COUNT(*) AS think_count FROM `admin_carplan` WHERE  `plan_type` = 1  AND `month` = '8'  AND `year` = '2024' LIMIT 1 [ RunTime:0.000633s ]
[2024-06-07T09:36:59+08:00][sql] SELECT COUNT(*) AS think_count FROM `admin_carplan` WHERE  `plan_type` = 2  AND `month` = '8'  AND `year` = '2024' LIMIT 1 [ RunTime:0.000260s ]
[2024-06-07T09:36:59+08:00][sql] SELECT COUNT(*) AS think_count FROM `admin_cost` WHERE  `month` = '8'  AND `year` = 2024 LIMIT 1 [ RunTime:0.000194s ]
[2024-06-07T09:36:59+08:00][sql] SELECT COUNT(*) AS think_count FROM `admin_carplan` WHERE  `plan_type` = 0  AND `month` = '9'  AND `year` = '2024' LIMIT 1 [ RunTime:0.000303s ]
[2024-06-07T09:36:59+08:00][sql] SELECT COUNT(*) AS think_count FROM `admin_carplan` WHERE  `plan_type` = 1  AND `month` = '9'  AND `year` = '2024' LIMIT 1 [ RunTime:0.000379s ]
[2024-06-07T09:36:59+08:00][sql] SELECT COUNT(*) AS think_count FROM `admin_carplan` WHERE  `plan_type` = 2  AND `month` = '9'  AND `year` = '2024' LIMIT 1 [ RunTime:0.000336s ]
[2024-06-07T09:36:59+08:00][sql] SELECT COUNT(*) AS think_count FROM `admin_cost` WHERE  `month` = '9'  AND `year` = 2024 LIMIT 1 [ RunTime:0.000226s ]
[2024-06-07T09:36:59+08:00][sql] SELECT COUNT(*) AS think_count FROM `admin_carplan` WHERE  `plan_type` = 0  AND `month` = '10'  AND `year` = '2024' LIMIT 1 [ RunTime:0.000210s ]
[2024-06-07T09:36:59+08:00][sql] SELECT COUNT(*) AS think_count FROM `admin_carplan` WHERE  `plan_type` = 1  AND `month` = '10'  AND `year` = '2024' LIMIT 1 [ RunTime:0.000192s ]
[2024-06-07T09:36:59+08:00][sql] SELECT COUNT(*) AS think_count FROM `admin_carplan` WHERE  `plan_type` = 2  AND `month` = '10'  AND `year` = '2024' LIMIT 1 [ RunTime:0.000184s ]
[2024-06-07T09:36:59+08:00][sql] SELECT COUNT(*) AS think_count FROM `admin_cost` WHERE  `month` = '10'  AND `year` = 2024 LIMIT 1 [ RunTime:0.000176s ]
[2024-06-07T09:36:59+08:00][sql] SELECT COUNT(*) AS think_count FROM `admin_carplan` WHERE  `plan_type` = 0  AND `month` = '11'  AND `year` = '2024' LIMIT 1 [ RunTime:0.000214s ]
[2024-06-07T09:36:59+08:00][sql] SELECT COUNT(*) AS think_count FROM `admin_carplan` WHERE  `plan_type` = 1  AND `month` = '11'  AND `year` = '2024' LIMIT 1 [ RunTime:0.000260s ]
[2024-06-07T09:36:59+08:00][sql] SELECT COUNT(*) AS think_count FROM `admin_carplan` WHERE  `plan_type` = 2  AND `month` = '11'  AND `year` = '2024' LIMIT 1 [ RunTime:0.000256s ]
[2024-06-07T09:36:59+08:00][sql] SELECT COUNT(*) AS think_count FROM `admin_cost` WHERE  `month` = '11'  AND `year` = 2024 LIMIT 1 [ RunTime:0.000212s ]
[2024-06-07T09:36:59+08:00][sql] SELECT COUNT(*) AS think_count FROM `admin_carplan` WHERE  `plan_type` = 0  AND `month` = '12'  AND `year` = '2024' LIMIT 1 [ RunTime:0.000184s ]
[2024-06-07T09:36:59+08:00][sql] SELECT COUNT(*) AS think_count FROM `admin_carplan` WHERE  `plan_type` = 1  AND `month` = '12'  AND `year` = '2024' LIMIT 1 [ RunTime:0.000209s ]
[2024-06-07T09:36:59+08:00][sql] SELECT COUNT(*) AS think_count FROM `admin_carplan` WHERE  `plan_type` = 2  AND `month` = '12'  AND `year` = '2024' LIMIT 1 [ RunTime:0.000235s ]
[2024-06-07T09:36:59+08:00][sql] SELECT COUNT(*) AS think_count FROM `admin_cost` WHERE  `month` = '12'  AND `year` = 2024 LIMIT 1 [ RunTime:0.000218s ]
[2024-06-07T09:36:59+08:00][sql] SHOW FULL COLUMNS FROM `admin_cost_type` [ RunTime:0.001474s ]
[2024-06-07T09:36:59+08:00][sql] SELECT * FROM `admin_cost_type` [ RunTime:0.000295s ]
[2024-06-07T09:36:59+08:00][sql] SELECT SUM(`cost_money`) AS think_sum FROM `admin_cost` WHERE  `type_name` = '过路费'  AND `year` = 2024 LIMIT 1 [ RunTime:0.000358s ]
[2024-06-07T09:36:59+08:00][sql] SELECT SUM(`cost_money`) AS think_sum FROM `admin_cost` WHERE  `type_name` = '带路费'  AND `year` = 2024 LIMIT 1 [ RunTime:0.000467s ]
[2024-06-07T09:36:59+08:00][sql] SELECT SUM(`cost_money`) AS think_sum FROM `admin_cost` WHERE  `type_name` = '罚款'  AND `year` = 2024 LIMIT 1 [ RunTime:0.000283s ]
[2024-06-07T09:36:59+08:00][sql] SELECT SUM(`cost_money`) AS think_sum FROM `admin_cost` WHERE  `type_name` = '装车费'  AND `year` = 2024 LIMIT 1 [ RunTime:0.000233s ]
[2024-06-07T09:36:59+08:00][sql] SELECT SUM(`cost_money`) AS think_sum FROM `admin_cost` WHERE  `type_name` = '卸车费'  AND `year` = 2024 LIMIT 1 [ RunTime:0.000249s ]
[2024-06-07T09:36:59+08:00][sql] SELECT SUM(`cost_money`) AS think_sum FROM `admin_cost` WHERE  `type_name` = '修车费'  AND `year` = 2024 LIMIT 1 [ RunTime:0.000243s ]
[2024-06-07T09:36:59+08:00][sql] SELECT SUM(`cost_money`) AS think_sum FROM `admin_cost` WHERE  `type_name` = '修补轮胎费'  AND `year` = 2024 LIMIT 1 [ RunTime:0.000214s ]
[2024-06-07T09:36:59+08:00][sql] SELECT SUM(`cost_money`) AS think_sum FROM `admin_cost` WHERE  `type_name` = '加油费'  AND `year` = 2024 LIMIT 1 [ RunTime:0.000216s ]
[2024-06-07T09:36:59+08:00][sql] SELECT SUM(`cost_money`) AS think_sum FROM `admin_cost` WHERE  `type_name` = '加气费'  AND `year` = 2024 LIMIT 1 [ RunTime:0.000245s ]
[2024-06-07T09:36:59+08:00][sql] SELECT SUM(`cost_money`) AS think_sum FROM `admin_cost` WHERE  `type_name` = '加水费'  AND `year` = 2024 LIMIT 1 [ RunTime:0.000273s ]
[2024-06-07T09:36:59+08:00][sql] SELECT SUM(`cost_money`) AS think_sum FROM `admin_cost` WHERE  `type_name` = '尿素费'  AND `year` = 2024 LIMIT 1 [ RunTime:0.000327s ]
[2024-06-07T09:36:59+08:00][sql] SELECT SUM(`cost_money`) AS think_sum FROM `admin_cost` WHERE  `type_name` = '其他'  AND `year` = 2024 LIMIT 1 [ RunTime:0.000293s ]
[2024-06-07T09:37:03+08:00][sql] CONNECT:[ UseTime:0.012423s ] mysql:host=127.0.0.1;port=3308;dbname=jade;charset=utf8mb4
[2024-06-07T09:37:03+08:00][sql] SHOW FULL COLUMNS FROM `admin_careinfo` [ RunTime:0.004914s ]
[2024-06-07T09:37:03+08:00][sql] SELECT COUNT(*) AS think_count FROM `admin_careinfo` LIMIT 1 [ RunTime:0.000611s ]
[2024-06-07T09:37:03+08:00][sql] SELECT * FROM `admin_careinfo` ORDER BY `create_time` DESC LIMIT 0,10 [ RunTime:0.000680s ]
[2024-06-07T09:37:03+08:00][sql] SHOW FULL COLUMNS FROM `admin_carhead` [ RunTime:0.002399s ]
[2024-06-07T09:37:03+08:00][sql] SELECT `carhead_plate` FROM `admin_carhead` WHERE  `id` = 23 LIMIT 1 [ RunTime:0.000392s ]
[2024-06-07T09:37:03+08:00][sql] SELECT `head_status` FROM `admin_carhead` WHERE  `id` = 23 LIMIT 1 [ RunTime:0.000319s ]
[2024-06-07T09:37:03+08:00][sql] SHOW FULL COLUMNS FROM `admin_cartrailer` [ RunTime:0.002029s ]
[2024-06-07T09:37:03+08:00][sql] SELECT `trailer_plate` FROM `admin_cartrailer` WHERE  `id` IS NULL LIMIT 1 [ RunTime:0.000206s ]
[2024-06-07T09:37:03+08:00][sql] SHOW FULL COLUMNS FROM `admin_carescort` [ RunTime:0.001415s ]
[2024-06-07T09:37:03+08:00][sql] SELECT `name` FROM `admin_carescort` WHERE  `id` IS NULL LIMIT 1 [ RunTime:0.000205s ]
[2024-06-07T09:37:03+08:00][sql] SHOW FULL COLUMNS FROM `admin` [ RunTime:0.001342s ]
[2024-06-07T09:37:03+08:00][sql] SELECT `username` FROM `admin` WHERE  `id` IS NULL LIMIT 1 [ RunTime:0.000220s ]
[2024-06-07T09:37:03+08:00][sql] SELECT `head_status` FROM `admin_carhead` WHERE  `id` = 23 LIMIT 1 [ RunTime:0.000243s ]
[2024-06-07T09:37:03+08:00][sql] SELECT `trailer_status` FROM `admin_cartrailer` WHERE  `id` IS NULL LIMIT 1 [ RunTime:0.000201s ]
[2024-06-07T09:37:03+08:00][sql] SELECT `carhead_plate` FROM `admin_carhead` WHERE  `id` = 18 LIMIT 1 [ RunTime:0.000235s ]
[2024-06-07T09:37:03+08:00][sql] SELECT `head_status` FROM `admin_carhead` WHERE  `id` = 18 LIMIT 1 [ RunTime:0.000205s ]
[2024-06-07T09:37:03+08:00][sql] SELECT `trailer_plate` FROM `admin_cartrailer` WHERE  `id` IS NULL LIMIT 1 [ RunTime:0.000194s ]
[2024-06-07T09:37:03+08:00][sql] SELECT `name` FROM `admin_carescort` WHERE  `id` IS NULL LIMIT 1 [ RunTime:0.000178s ]
[2024-06-07T09:37:03+08:00][sql] SELECT `username` FROM `admin` WHERE  `id` IS NULL LIMIT 1 [ RunTime:0.000192s ]
[2024-06-07T09:37:03+08:00][sql] SELECT `head_status` FROM `admin_carhead` WHERE  `id` = 18 LIMIT 1 [ RunTime:0.000234s ]
[2024-06-07T09:37:03+08:00][sql] SELECT `trailer_status` FROM `admin_cartrailer` WHERE  `id` IS NULL LIMIT 1 [ RunTime:0.000208s ]
[2024-06-07T09:37:03+08:00][sql] SELECT `carhead_plate` FROM `admin_carhead` WHERE  `id` = 17 LIMIT 1 [ RunTime:0.000206s ]
[2024-06-07T09:37:03+08:00][sql] SELECT `head_status` FROM `admin_carhead` WHERE  `id` = 17 LIMIT 1 [ RunTime:0.000203s ]
[2024-06-07T09:37:03+08:00][sql] SELECT `trailer_plate` FROM `admin_cartrailer` WHERE  `id` IS NULL LIMIT 1 [ RunTime:0.000176s ]
[2024-06-07T09:37:03+08:00][sql] SELECT `name` FROM `admin_carescort` WHERE  `id` IS NULL LIMIT 1 [ RunTime:0.000176s ]
[2024-06-07T09:37:03+08:00][sql] SELECT `username` FROM `admin` WHERE  `id` IS NULL LIMIT 1 [ RunTime:0.000181s ]
[2024-06-07T09:37:03+08:00][sql] SELECT `head_status` FROM `admin_carhead` WHERE  `id` = 17 LIMIT 1 [ RunTime:0.000240s ]
[2024-06-07T09:37:03+08:00][sql] SELECT `trailer_status` FROM `admin_cartrailer` WHERE  `id` IS NULL LIMIT 1 [ RunTime:0.000176s ]
[2024-06-07T09:37:03+08:00][sql] SELECT `carhead_plate` FROM `admin_carhead` WHERE  `id` = 16 LIMIT 1 [ RunTime:0.000220s ]
[2024-06-07T09:37:03+08:00][sql] SELECT `head_status` FROM `admin_carhead` WHERE  `id` = 16 LIMIT 1 [ RunTime:0.000211s ]
[2024-06-07T09:37:03+08:00][sql] SELECT `trailer_plate` FROM `admin_cartrailer` WHERE  `id` IS NULL LIMIT 1 [ RunTime:0.000192s ]
[2024-06-07T09:37:03+08:00][sql] SELECT `name` FROM `admin_carescort` WHERE  `id` IS NULL LIMIT 1 [ RunTime:0.000217s ]
[2024-06-07T09:37:03+08:00][sql] SELECT `username` FROM `admin` WHERE  `id` IS NULL LIMIT 1 [ RunTime:0.000243s ]
[2024-06-07T09:37:03+08:00][sql] SELECT `head_status` FROM `admin_carhead` WHERE  `id` = 16 LIMIT 1 [ RunTime:0.000297s ]
[2024-06-07T09:37:03+08:00][sql] SELECT `trailer_status` FROM `admin_cartrailer` WHERE  `id` IS NULL LIMIT 1 [ RunTime:0.000247s ]
[2024-06-07T09:37:03+08:00][sql] SELECT `carhead_plate` FROM `admin_carhead` WHERE  `id` = 15 LIMIT 1 [ RunTime:0.000216s ]
[2024-06-07T09:37:03+08:00][sql] SELECT `head_status` FROM `admin_carhead` WHERE  `id` = 15 LIMIT 1 [ RunTime:0.000214s ]
[2024-06-07T09:37:03+08:00][sql] SELECT `trailer_plate` FROM `admin_cartrailer` WHERE  `id` IS NULL LIMIT 1 [ RunTime:0.000204s ]
[2024-06-07T09:37:03+08:00][sql] SELECT `name` FROM `admin_carescort` WHERE  `id` IS NULL LIMIT 1 [ RunTime:0.000217s ]
[2024-06-07T09:37:03+08:00][sql] SELECT `username` FROM `admin` WHERE  `id` IS NULL LIMIT 1 [ RunTime:0.000178s ]
[2024-06-07T09:37:03+08:00][sql] SELECT `head_status` FROM `admin_carhead` WHERE  `id` = 15 LIMIT 1 [ RunTime:0.000197s ]
[2024-06-07T09:37:03+08:00][sql] SELECT `trailer_status` FROM `admin_cartrailer` WHERE  `id` IS NULL LIMIT 1 [ RunTime:0.000168s ]
[2024-06-07T09:37:03+08:00][sql] SELECT `carhead_plate` FROM `admin_carhead` WHERE  `id` = 14 LIMIT 1 [ RunTime:0.000176s ]
[2024-06-07T09:37:03+08:00][sql] SELECT `head_status` FROM `admin_carhead` WHERE  `id` = 14 LIMIT 1 [ RunTime:0.000168s ]
[2024-06-07T09:37:03+08:00][sql] SELECT `trailer_plate` FROM `admin_cartrailer` WHERE  `id` IS NULL LIMIT 1 [ RunTime:0.000147s ]
[2024-06-07T09:37:03+08:00][sql] SELECT `name` FROM `admin_carescort` WHERE  `id` IS NULL LIMIT 1 [ RunTime:0.000157s ]
[2024-06-07T09:37:03+08:00][sql] SELECT `username` FROM `admin` WHERE  `id` IS NULL LIMIT 1 [ RunTime:0.000183s ]
[2024-06-07T09:37:03+08:00][sql] SELECT `head_status` FROM `admin_carhead` WHERE  `id` = 14 LIMIT 1 [ RunTime:0.000220s ]
[2024-06-07T09:37:03+08:00][sql] SELECT `trailer_status` FROM `admin_cartrailer` WHERE  `id` IS NULL LIMIT 1 [ RunTime:0.000158s ]
[2024-06-07T09:37:03+08:00][sql] SELECT `carhead_plate` FROM `admin_carhead` WHERE  `id` = 13 LIMIT 1 [ RunTime:0.000177s ]
[2024-06-07T09:37:03+08:00][sql] SELECT `head_status` FROM `admin_carhead` WHERE  `id` = 13 LIMIT 1 [ RunTime:0.000177s ]
[2024-06-07T09:37:03+08:00][sql] SELECT `trailer_plate` FROM `admin_cartrailer` WHERE  `id` IS NULL LIMIT 1 [ RunTime:0.000153s ]
[2024-06-07T09:37:03+08:00][sql] SELECT `name` FROM `admin_carescort` WHERE  `id` IS NULL LIMIT 1 [ RunTime:0.000156s ]
[2024-06-07T09:37:03+08:00][sql] SELECT `username` FROM `admin` WHERE  `id` IS NULL LIMIT 1 [ RunTime:0.000106s ]
[2024-06-07T09:37:03+08:00][sql] SELECT `head_status` FROM `admin_carhead` WHERE  `id` = 13 LIMIT 1 [ RunTime:0.000128s ]
[2024-06-07T09:37:03+08:00][sql] SELECT `trailer_status` FROM `admin_cartrailer` WHERE  `id` IS NULL LIMIT 1 [ RunTime:0.000168s ]
[2024-06-07T09:37:03+08:00][sql] SELECT `carhead_plate` FROM `admin_carhead` WHERE  `id` = 12 LIMIT 1 [ RunTime:0.000154s ]
[2024-06-07T09:37:03+08:00][sql] SELECT `head_status` FROM `admin_carhead` WHERE  `id` = 12 LIMIT 1 [ RunTime:0.000182s ]
[2024-06-07T09:37:03+08:00][sql] SELECT `trailer_plate` FROM `admin_cartrailer` WHERE  `id` IS NULL LIMIT 1 [ RunTime:0.000139s ]
[2024-06-07T09:37:03+08:00][sql] SELECT `name` FROM `admin_carescort` WHERE  `id` IS NULL LIMIT 1 [ RunTime:0.000137s ]
[2024-06-07T09:37:03+08:00][sql] SELECT `username` FROM `admin` WHERE  `id` IS NULL LIMIT 1 [ RunTime:0.000138s ]
[2024-06-07T09:37:03+08:00][sql] SELECT `head_status` FROM `admin_carhead` WHERE  `id` = 12 LIMIT 1 [ RunTime:0.000164s ]
[2024-06-07T09:37:03+08:00][sql] SELECT `trailer_status` FROM `admin_cartrailer` WHERE  `id` IS NULL LIMIT 1 [ RunTime:0.000155s ]
[2024-06-07T09:37:03+08:00][sql] SELECT `carhead_plate` FROM `admin_carhead` WHERE  `id` = 11 LIMIT 1 [ RunTime:0.000192s ]
[2024-06-07T09:37:03+08:00][sql] SELECT `head_status` FROM `admin_carhead` WHERE  `id` = 11 LIMIT 1 [ RunTime:0.000210s ]
[2024-06-07T09:37:03+08:00][sql] SELECT `trailer_plate` FROM `admin_cartrailer` WHERE  `id` = 7 LIMIT 1 [ RunTime:0.000217s ]
[2024-06-07T09:37:03+08:00][sql] SELECT `name` FROM `admin_carescort` WHERE  `id` = 18 LIMIT 1 [ RunTime:0.000246s ]
[2024-06-07T09:37:03+08:00][sql] SELECT `username` FROM `admin` WHERE  `id` = 78 LIMIT 1 [ RunTime:0.000280s ]
[2024-06-07T09:37:03+08:00][sql] SELECT `head_status` FROM `admin_carhead` WHERE  `id` = 11 LIMIT 1 [ RunTime:0.000284s ]
[2024-06-07T09:37:03+08:00][sql] SELECT `trailer_status` FROM `admin_cartrailer` WHERE  `id` = 7 LIMIT 1 [ RunTime:0.000347s ]
[2024-06-07T09:37:03+08:00][sql] SELECT `carhead_plate` FROM `admin_carhead` WHERE  `id` = 10 LIMIT 1 [ RunTime:0.000192s ]
[2024-06-07T09:37:03+08:00][sql] SELECT `head_status` FROM `admin_carhead` WHERE  `id` = 10 LIMIT 1 [ RunTime:0.000178s ]
[2024-06-07T09:37:03+08:00][sql] SELECT `trailer_plate` FROM `admin_cartrailer` WHERE  `id` = 6 LIMIT 1 [ RunTime:0.000199s ]
[2024-06-07T09:37:03+08:00][sql] SELECT `name` FROM `admin_carescort` WHERE  `id` = 17 LIMIT 1 [ RunTime:0.000195s ]
[2024-06-07T09:37:03+08:00][sql] SELECT `username` FROM `admin` WHERE  `id` = 81 LIMIT 1 [ RunTime:0.000194s ]
[2024-06-07T09:37:03+08:00][sql] SELECT `head_status` FROM `admin_carhead` WHERE  `id` = 10 LIMIT 1 [ RunTime:0.000211s ]
[2024-06-07T09:37:03+08:00][sql] SELECT `trailer_status` FROM `admin_cartrailer` WHERE  `id` = 6 LIMIT 1 [ RunTime:0.000217s ]
[2024-06-07T09:37:03+08:00][sql] CONNECT:[ UseTime:0.000469s ] mysql:host=127.0.0.1;port=3308;dbname=jade;charset=utf8mb4
[2024-06-07T09:37:03+08:00][sql] SHOW FULL COLUMNS FROM `admin` [ RunTime:0.001350s ]
[2024-06-07T09:37:03+08:00][sql] SELECT `id`,`username`,`status`,`type`,`driver_status` FROM `admin` WHERE  `type` = '2'  AND `driver_status` = 0 [ RunTime:0.000302s ]
[2024-06-07T09:37:03+08:00][sql] SELECT `id`,`username`,`status`,`type`,`driver_status` FROM `admin` WHERE  `type` = '2'  AND `driver_status` = 0 [ RunTime:0.000217s ]
[2024-06-07T09:37:03+08:00][sql] SHOW FULL COLUMNS FROM `admin_carplan` [ RunTime:0.001277s ]
[2024-06-07T09:37:03+08:00][sql] SELECT * FROM `admin_carplan` WHERE  `driver_status` = 1  AND `plan_type` = 0  AND `driver_name` = '111' ORDER BY `create_time` DESC LIMIT 1 [ RunTime:0.000370s ]
[2024-06-07T09:37:03+08:00][sql] SELECT * FROM `admin_carplan` WHERE  `driver_status` = 1  AND `plan_type` = 0  AND `driver_name` = 'jiashi' ORDER BY `create_time` DESC LIMIT 1 [ RunTime:0.000318s ]
[2024-06-07T09:37:03+08:00][sql] SELECT * FROM `admin_carplan` WHERE  `driver_status` = 1  AND `plan_type` = 0  AND `driver_name` = '驾驶员' ORDER BY `create_time` DESC LIMIT 1 [ RunTime:0.000322s ]
[2024-06-07T09:37:03+08:00][sql] SELECT * FROM `admin_carplan` WHERE  `driver_status` = 1  AND `plan_type` = 0  AND `driver_name` = '驾驶' ORDER BY `create_time` DESC LIMIT 1 [ RunTime:0.000317s ]
[2024-06-07T09:37:03+08:00][sql] SELECT * FROM `admin_carplan` WHERE  `driver_status` = 1  AND `plan_type` = 0  AND `driver_name` = '驾驶员1' ORDER BY `create_time` DESC LIMIT 1 [ RunTime:0.000314s ]
[2024-06-07T09:37:03+08:00][sql] SELECT * FROM `admin_carplan` WHERE  `driver_status` = 1  AND `plan_type` = 0  AND `driver_name` = '驾驶员129韩' ORDER BY `create_time` DESC LIMIT 1 [ RunTime:0.000299s ]
[2024-06-07T09:37:03+08:00][sql] SELECT * FROM `admin_carplan` WHERE  `driver_status` = 1  AND `plan_type` = 0  AND `driver_name` = '驾驶员131邢' ORDER BY `create_time` DESC LIMIT 1 [ RunTime:0.000434s ]
[2024-06-07T09:37:03+08:00][sql] SELECT * FROM `admin_carplan` WHERE  `driver_status` = 1  AND `plan_type` = 0  AND `driver_name` = '驾驶员132邢' ORDER BY `create_time` DESC LIMIT 1 [ RunTime:0.000502s ]
[2024-06-07T09:37:03+08:00][sql] SELECT * FROM `admin_carplan` WHERE  `driver_status` = 1  AND `plan_type` = 0  AND `driver_name` = '驾驶员133' ORDER BY `create_time` DESC LIMIT 1 [ RunTime:0.000529s ]
[2024-06-07T09:37:03+08:00][sql] SELECT * FROM `admin_carplan` WHERE  `driver_status` = 1  AND `plan_type` = 0  AND `driver_name` = '驾驶员134' ORDER BY `create_time` DESC LIMIT 1 [ RunTime:0.000345s ]
[2024-06-07T09:37:03+08:00][sql] SHOW FULL COLUMNS FROM `admin_carescort` [ RunTime:0.001278s ]
[2024-06-07T09:37:03+08:00][sql] SELECT `id`,`name`,`escort_status` FROM `admin_carescort` WHERE  `escort_status` IN ('0','1') [ RunTime:0.000270s ]
[2024-06-07T09:37:03+08:00][sql] SHOW FULL COLUMNS FROM `admin_carhead` [ RunTime:0.001198s ]
[2024-06-07T09:37:03+08:00][sql] SELECT `id`,`carhead_plate`,`head_status` FROM `admin_carhead` WHERE  `head_status` IN (0,3) [ RunTime:0.000248s ]
[2024-06-07T09:37:03+08:00][sql] SHOW FULL COLUMNS FROM `admin_cartrailer` [ RunTime:0.001185s ]
[2024-06-07T09:37:03+08:00][sql] SELECT `id`,`trailer_plate`,`trailer_status` FROM `admin_cartrailer` [ RunTime:0.000227s ]
[2024-06-07T09:37:20+08:00][sql] CONNECT:[ UseTime:0.014563s ] mysql:host=127.0.0.1;port=3308;dbname=jade;charset=utf8mb4
[2024-06-07T09:37:20+08:00][sql] SHOW FULL COLUMNS FROM `admin` [ RunTime:0.001435s ]
[2024-06-07T09:37:20+08:00][sql] SELECT COUNT(*) AS think_count FROM `admin` WHERE  `type` = '2' LIMIT 1 [ RunTime:0.000317s ]
[2024-06-07T09:37:20+08:00][sql] SELECT `id`,`driver_status`,`username`,`phone`,`card_front`,`card_back`,`driver_card_front`,`driver_card_back`,`cert_front`,`cert_back`,`id_card_num`,`dirver_card_num`,`cert_card_num`,`employ_time`,`status`,`login_ip`,`login_time`,`create_time` FROM `admin` WHERE  `type` = '2' ORDER BY `create_time` DESC LIMIT 0,10 [ RunTime:0.000370s ]
[2024-06-07T09:37:20+08:00][sql] CONNECT:[ UseTime:0.000509s ] mysql:host=127.0.0.1;port=3308;dbname=jade;charset=utf8mb4
[2024-06-07T09:37:20+08:00][sql] SHOW FULL COLUMNS FROM `auth_group` [ RunTime:0.002036s ]
[2024-06-07T09:37:20+08:00][sql] SELECT `id`,`title`,`type` FROM `auth_group` WHERE  `status` = 1 [ RunTime:0.000414s ]
[2024-06-07T09:37:46+08:00][sql] CONNECT:[ UseTime:0.012650s ] mysql:host=127.0.0.1;port=3308;dbname=jade;charset=utf8mb4
[2024-06-07T09:37:46+08:00][sql] SHOW FULL COLUMNS FROM `admin_careinfo` [ RunTime:0.001381s ]
[2024-06-07T09:37:46+08:00][sql] SELECT COUNT(*) AS think_count FROM `admin_careinfo` LIMIT 1 [ RunTime:0.000277s ]
[2024-06-07T09:37:46+08:00][sql] SELECT * FROM `admin_careinfo` ORDER BY `create_time` DESC LIMIT 0,10 [ RunTime:0.000321s ]
[2024-06-07T09:37:46+08:00][sql] SHOW FULL COLUMNS FROM `admin_carhead` [ RunTime:0.001952s ]
[2024-06-07T09:37:46+08:00][sql] SELECT `carhead_plate` FROM `admin_carhead` WHERE  `id` = 23 LIMIT 1 [ RunTime:0.000320s ]
[2024-06-07T09:37:46+08:00][sql] SELECT `head_status` FROM `admin_carhead` WHERE  `id` = 23 LIMIT 1 [ RunTime:0.000264s ]
[2024-06-07T09:37:46+08:00][sql] SHOW FULL COLUMNS FROM `admin_cartrailer` [ RunTime:0.001266s ]
[2024-06-07T09:37:46+08:00][sql] SELECT `trailer_plate` FROM `admin_cartrailer` WHERE  `id` IS NULL LIMIT 1 [ RunTime:0.000240s ]
[2024-06-07T09:37:46+08:00][sql] SHOW FULL COLUMNS FROM `admin_carescort` [ RunTime:0.001212s ]
[2024-06-07T09:37:46+08:00][sql] SELECT `name` FROM `admin_carescort` WHERE  `id` IS NULL LIMIT 1 [ RunTime:0.000233s ]
[2024-06-07T09:37:46+08:00][sql] SHOW FULL COLUMNS FROM `admin` [ RunTime:0.001232s ]
[2024-06-07T09:37:46+08:00][sql] SELECT `username` FROM `admin` WHERE  `id` IS NULL LIMIT 1 [ RunTime:0.000152s ]
[2024-06-07T09:37:46+08:00][sql] SELECT `head_status` FROM `admin_carhead` WHERE  `id` = 23 LIMIT 1 [ RunTime:0.000185s ]
[2024-06-07T09:37:46+08:00][sql] SELECT `trailer_status` FROM `admin_cartrailer` WHERE  `id` IS NULL LIMIT 1 [ RunTime:0.000149s ]
[2024-06-07T09:37:46+08:00][sql] SELECT `carhead_plate` FROM `admin_carhead` WHERE  `id` = 18 LIMIT 1 [ RunTime:0.000167s ]
[2024-06-07T09:37:46+08:00][sql] SELECT `head_status` FROM `admin_carhead` WHERE  `id` = 18 LIMIT 1 [ RunTime:0.000166s ]
[2024-06-07T09:37:46+08:00][sql] SELECT `trailer_plate` FROM `admin_cartrailer` WHERE  `id` IS NULL LIMIT 1 [ RunTime:0.000146s ]
[2024-06-07T09:37:46+08:00][sql] SELECT `name` FROM `admin_carescort` WHERE  `id` IS NULL LIMIT 1 [ RunTime:0.000147s ]
[2024-06-07T09:37:46+08:00][sql] SELECT `username` FROM `admin` WHERE  `id` IS NULL LIMIT 1 [ RunTime:0.000146s ]
[2024-06-07T09:37:46+08:00][sql] SELECT `head_status` FROM `admin_carhead` WHERE  `id` = 18 LIMIT 1 [ RunTime:0.000168s ]
[2024-06-07T09:37:46+08:00][sql] SELECT `trailer_status` FROM `admin_cartrailer` WHERE  `id` IS NULL LIMIT 1 [ RunTime:0.000146s ]
[2024-06-07T09:37:46+08:00][sql] SELECT `carhead_plate` FROM `admin_carhead` WHERE  `id` = 17 LIMIT 1 [ RunTime:0.000162s ]
[2024-06-07T09:37:46+08:00][sql] SELECT `head_status` FROM `admin_carhead` WHERE  `id` = 17 LIMIT 1 [ RunTime:0.000161s ]
[2024-06-07T09:37:46+08:00][sql] SELECT `trailer_plate` FROM `admin_cartrailer` WHERE  `id` IS NULL LIMIT 1 [ RunTime:0.000143s ]
[2024-06-07T09:37:46+08:00][sql] SELECT `name` FROM `admin_carescort` WHERE  `id` IS NULL LIMIT 1 [ RunTime:0.000193s ]
[2024-06-07T09:37:46+08:00][sql] SELECT `username` FROM `admin` WHERE  `id` IS NULL LIMIT 1 [ RunTime:0.000246s ]
[2024-06-07T09:37:46+08:00][sql] SELECT `head_status` FROM `admin_carhead` WHERE  `id` = 17 LIMIT 1 [ RunTime:0.000366s ]
[2024-06-07T09:37:46+08:00][sql] SELECT `trailer_status` FROM `admin_cartrailer` WHERE  `id` IS NULL LIMIT 1 [ RunTime:0.000296s ]
[2024-06-07T09:37:46+08:00][sql] SELECT `carhead_plate` FROM `admin_carhead` WHERE  `id` = 16 LIMIT 1 [ RunTime:0.000202s ]
[2024-06-07T09:37:46+08:00][sql] SELECT `head_status` FROM `admin_carhead` WHERE  `id` = 16 LIMIT 1 [ RunTime:0.000199s ]
[2024-06-07T09:37:46+08:00][sql] SELECT `trailer_plate` FROM `admin_cartrailer` WHERE  `id` IS NULL LIMIT 1 [ RunTime:0.000165s ]
[2024-06-07T09:37:46+08:00][sql] SELECT `name` FROM `admin_carescort` WHERE  `id` IS NULL LIMIT 1 [ RunTime:0.000176s ]
[2024-06-07T09:37:46+08:00][sql] SELECT `username` FROM `admin` WHERE  `id` IS NULL LIMIT 1 [ RunTime:0.000192s ]
[2024-06-07T09:37:46+08:00][sql] SELECT `head_status` FROM `admin_carhead` WHERE  `id` = 16 LIMIT 1 [ RunTime:0.000216s ]
[2024-06-07T09:37:46+08:00][sql] SELECT `trailer_status` FROM `admin_cartrailer` WHERE  `id` IS NULL LIMIT 1 [ RunTime:0.000147s ]
[2024-06-07T09:37:46+08:00][sql] SELECT `carhead_plate` FROM `admin_carhead` WHERE  `id` = 15 LIMIT 1 [ RunTime:0.000218s ]
[2024-06-07T09:37:46+08:00][sql] SELECT `head_status` FROM `admin_carhead` WHERE  `id` = 15 LIMIT 1 [ RunTime:0.000222s ]
[2024-06-07T09:37:46+08:00][sql] SELECT `trailer_plate` FROM `admin_cartrailer` WHERE  `id` IS NULL LIMIT 1 [ RunTime:0.000192s ]
[2024-06-07T09:37:46+08:00][sql] SELECT `name` FROM `admin_carescort` WHERE  `id` IS NULL LIMIT 1 [ RunTime:0.000187s ]
[2024-06-07T09:37:46+08:00][sql] SELECT `username` FROM `admin` WHERE  `id` IS NULL LIMIT 1 [ RunTime:0.000172s ]
[2024-06-07T09:37:46+08:00][sql] SELECT `head_status` FROM `admin_carhead` WHERE  `id` = 15 LIMIT 1 [ RunTime:0.000185s ]
[2024-06-07T09:37:46+08:00][sql] SELECT `trailer_status` FROM `admin_cartrailer` WHERE  `id` IS NULL LIMIT 1 [ RunTime:0.000120s ]
[2024-06-07T09:37:46+08:00][sql] SELECT `carhead_plate` FROM `admin_carhead` WHERE  `id` = 14 LIMIT 1 [ RunTime:0.000138s ]
[2024-06-07T09:37:46+08:00][sql] SELECT `head_status` FROM `admin_carhead` WHERE  `id` = 14 LIMIT 1 [ RunTime:0.000145s ]
[2024-06-07T09:37:46+08:00][sql] SELECT `trailer_plate` FROM `admin_cartrailer` WHERE  `id` IS NULL LIMIT 1 [ RunTime:0.000119s ]
[2024-06-07T09:37:46+08:00][sql] SELECT `name` FROM `admin_carescort` WHERE  `id` IS NULL LIMIT 1 [ RunTime:0.000117s ]
[2024-06-07T09:37:46+08:00][sql] SELECT `username` FROM `admin` WHERE  `id` IS NULL LIMIT 1 [ RunTime:0.000113s ]
[2024-06-07T09:37:46+08:00][sql] SELECT `head_status` FROM `admin_carhead` WHERE  `id` = 14 LIMIT 1 [ RunTime:0.000137s ]
[2024-06-07T09:37:46+08:00][sql] SELECT `trailer_status` FROM `admin_cartrailer` WHERE  `id` IS NULL LIMIT 1 [ RunTime:0.000119s ]
[2024-06-07T09:37:46+08:00][sql] SELECT `carhead_plate` FROM `admin_carhead` WHERE  `id` = 13 LIMIT 1 [ RunTime:0.000164s ]
[2024-06-07T09:37:46+08:00][sql] SELECT `head_status` FROM `admin_carhead` WHERE  `id` = 13 LIMIT 1 [ RunTime:0.000172s ]
[2024-06-07T09:37:46+08:00][sql] SELECT `trailer_plate` FROM `admin_cartrailer` WHERE  `id` IS NULL LIMIT 1 [ RunTime:0.000155s ]
[2024-06-07T09:37:46+08:00][sql] SELECT `name` FROM `admin_carescort` WHERE  `id` IS NULL LIMIT 1 [ RunTime:0.000156s ]
[2024-06-07T09:37:46+08:00][sql] SELECT `username` FROM `admin` WHERE  `id` IS NULL LIMIT 1 [ RunTime:0.000114s ]
[2024-06-07T09:37:46+08:00][sql] SELECT `head_status` FROM `admin_carhead` WHERE  `id` = 13 LIMIT 1 [ RunTime:0.000177s ]
[2024-06-07T09:37:46+08:00][sql] SELECT `trailer_status` FROM `admin_cartrailer` WHERE  `id` IS NULL LIMIT 1 [ RunTime:0.000153s ]
[2024-06-07T09:37:46+08:00][sql] SELECT `carhead_plate` FROM `admin_carhead` WHERE  `id` = 12 LIMIT 1 [ RunTime:0.000177s ]
[2024-06-07T09:37:46+08:00][sql] SELECT `head_status` FROM `admin_carhead` WHERE  `id` = 12 LIMIT 1 [ RunTime:0.000178s ]
[2024-06-07T09:37:46+08:00][sql] SELECT `trailer_plate` FROM `admin_cartrailer` WHERE  `id` IS NULL LIMIT 1 [ RunTime:0.000140s ]
[2024-06-07T09:37:46+08:00][sql] SELECT `name` FROM `admin_carescort` WHERE  `id` IS NULL LIMIT 1 [ RunTime:0.000156s ]
[2024-06-07T09:37:46+08:00][sql] SELECT `username` FROM `admin` WHERE  `id` IS NULL LIMIT 1 [ RunTime:0.000153s ]
[2024-06-07T09:37:46+08:00][sql] SELECT `head_status` FROM `admin_carhead` WHERE  `id` = 12 LIMIT 1 [ RunTime:0.000181s ]
[2024-06-07T09:37:46+08:00][sql] SELECT `trailer_status` FROM `admin_cartrailer` WHERE  `id` IS NULL LIMIT 1 [ RunTime:0.000153s ]
[2024-06-07T09:37:46+08:00][sql] SELECT `carhead_plate` FROM `admin_carhead` WHERE  `id` = 11 LIMIT 1 [ RunTime:0.000212s ]
[2024-06-07T09:37:46+08:00][sql] SELECT `head_status` FROM `admin_carhead` WHERE  `id` = 11 LIMIT 1 [ RunTime:0.000275s ]
[2024-06-07T09:37:46+08:00][sql] SELECT `trailer_plate` FROM `admin_cartrailer` WHERE  `id` = 7 LIMIT 1 [ RunTime:0.000245s ]
[2024-06-07T09:37:46+08:00][sql] SELECT `name` FROM `admin_carescort` WHERE  `id` = 18 LIMIT 1 [ RunTime:0.000193s ]
[2024-06-07T09:37:46+08:00][sql] SELECT `username` FROM `admin` WHERE  `id` = 78 LIMIT 1 [ RunTime:0.000212s ]
[2024-06-07T09:37:46+08:00][sql] SELECT `head_status` FROM `admin_carhead` WHERE  `id` = 11 LIMIT 1 [ RunTime:0.000186s ]
[2024-06-07T09:37:46+08:00][sql] SELECT `trailer_status` FROM `admin_cartrailer` WHERE  `id` = 7 LIMIT 1 [ RunTime:0.000186s ]
[2024-06-07T09:37:46+08:00][sql] SELECT `carhead_plate` FROM `admin_carhead` WHERE  `id` = 10 LIMIT 1 [ RunTime:0.000196s ]
[2024-06-07T09:37:46+08:00][sql] SELECT `head_status` FROM `admin_carhead` WHERE  `id` = 10 LIMIT 1 [ RunTime:0.000193s ]
[2024-06-07T09:37:46+08:00][sql] SELECT `trailer_plate` FROM `admin_cartrailer` WHERE  `id` = 6 LIMIT 1 [ RunTime:0.000198s ]
[2024-06-07T09:37:46+08:00][sql] SELECT `name` FROM `admin_carescort` WHERE  `id` = 17 LIMIT 1 [ RunTime:0.000165s ]
[2024-06-07T09:37:46+08:00][sql] SELECT `username` FROM `admin` WHERE  `id` = 81 LIMIT 1 [ RunTime:0.000215s ]
[2024-06-07T09:37:46+08:00][sql] SELECT `head_status` FROM `admin_carhead` WHERE  `id` = 10 LIMIT 1 [ RunTime:0.000222s ]
[2024-06-07T09:37:46+08:00][sql] SELECT `trailer_status` FROM `admin_cartrailer` WHERE  `id` = 6 LIMIT 1 [ RunTime:0.000225s ]
[2024-06-07T09:37:46+08:00][sql] CONNECT:[ UseTime:0.000482s ] mysql:host=127.0.0.1;port=3308;dbname=jade;charset=utf8mb4
[2024-06-07T09:37:46+08:00][sql] SHOW FULL COLUMNS FROM `admin` [ RunTime:0.001302s ]
[2024-06-07T09:37:46+08:00][sql] SELECT `id`,`username`,`status`,`type`,`driver_status` FROM `admin` WHERE  `type` = '2'  AND `driver_status` = 0 [ RunTime:0.000246s ]
[2024-06-07T09:37:46+08:00][sql] SELECT `id`,`username`,`status`,`type`,`driver_status` FROM `admin` WHERE  `type` = '2'  AND `driver_status` = 0 [ RunTime:0.000181s ]
[2024-06-07T09:37:46+08:00][sql] SHOW FULL COLUMNS FROM `admin_carplan` [ RunTime:0.001241s ]
[2024-06-07T09:37:46+08:00][sql] SELECT * FROM `admin_carplan` WHERE  `driver_status` = 1  AND `plan_type` = 0  AND `driver_name` = '111' ORDER BY `create_time` DESC LIMIT 1 [ RunTime:0.000343s ]
[2024-06-07T09:37:46+08:00][sql] SELECT * FROM `admin_carplan` WHERE  `driver_status` = 1  AND `plan_type` = 0  AND `driver_name` = 'jiashi' ORDER BY `create_time` DESC LIMIT 1 [ RunTime:0.000300s ]
[2024-06-07T09:37:46+08:00][sql] SELECT * FROM `admin_carplan` WHERE  `driver_status` = 1  AND `plan_type` = 0  AND `driver_name` = '驾驶员' ORDER BY `create_time` DESC LIMIT 1 [ RunTime:0.000308s ]
[2024-06-07T09:37:46+08:00][sql] SELECT * FROM `admin_carplan` WHERE  `driver_status` = 1  AND `plan_type` = 0  AND `driver_name` = '驾驶' ORDER BY `create_time` DESC LIMIT 1 [ RunTime:0.000286s ]
[2024-06-07T09:37:46+08:00][sql] SELECT * FROM `admin_carplan` WHERE  `driver_status` = 1  AND `plan_type` = 0  AND `driver_name` = '驾驶员1' ORDER BY `create_time` DESC LIMIT 1 [ RunTime:0.000279s ]
[2024-06-07T09:37:46+08:00][sql] SELECT * FROM `admin_carplan` WHERE  `driver_status` = 1  AND `plan_type` = 0  AND `driver_name` = '驾驶员129韩' ORDER BY `create_time` DESC LIMIT 1 [ RunTime:0.000276s ]
[2024-06-07T09:37:46+08:00][sql] SELECT * FROM `admin_carplan` WHERE  `driver_status` = 1  AND `plan_type` = 0  AND `driver_name` = '驾驶员131邢' ORDER BY `create_time` DESC LIMIT 1 [ RunTime:0.000280s ]
[2024-06-07T09:37:46+08:00][sql] SELECT * FROM `admin_carplan` WHERE  `driver_status` = 1  AND `plan_type` = 0  AND `driver_name` = '驾驶员132邢' ORDER BY `create_time` DESC LIMIT 1 [ RunTime:0.000346s ]
[2024-06-07T09:37:46+08:00][sql] SELECT * FROM `admin_carplan` WHERE  `driver_status` = 1  AND `plan_type` = 0  AND `driver_name` = '驾驶员133' ORDER BY `create_time` DESC LIMIT 1 [ RunTime:0.000354s ]
[2024-06-07T09:37:46+08:00][sql] SELECT * FROM `admin_carplan` WHERE  `driver_status` = 1  AND `plan_type` = 0  AND `driver_name` = '驾驶员134' ORDER BY `create_time` DESC LIMIT 1 [ RunTime:0.000470s ]
[2024-06-07T09:37:46+08:00][sql] SHOW FULL COLUMNS FROM `admin_carescort` [ RunTime:0.001886s ]
[2024-06-07T09:37:46+08:00][sql] SELECT `id`,`name`,`escort_status` FROM `admin_carescort` WHERE  `escort_status` IN ('0','1') [ RunTime:0.000283s ]
[2024-06-07T09:37:46+08:00][sql] SHOW FULL COLUMNS FROM `admin_carhead` [ RunTime:0.001309s ]
[2024-06-07T09:37:46+08:00][sql] SELECT `id`,`carhead_plate`,`head_status` FROM `admin_carhead` WHERE  `head_status` IN (0,3) [ RunTime:0.000212s ]
[2024-06-07T09:37:46+08:00][sql] SHOW FULL COLUMNS FROM `admin_cartrailer` [ RunTime:0.001147s ]
[2024-06-07T09:37:46+08:00][sql] SELECT `id`,`trailer_plate`,`trailer_status` FROM `admin_cartrailer` [ RunTime:0.000179s ]
