[2024-05-16T13:19:52+08:00][sql] CONNECT:[ UseTime:0.000808s ] mysql:host=127.0.0.1;port=3308;dbname=jade;charset=utf8mb4
[2024-05-16T13:19:52+08:00][sql] SHOW FULL COLUMNS FROM `app` [ RunTime:0.000945s ]
[2024-05-16T13:19:52+08:00][sql] SELECT `app_secret` FROM `app` WHERE  `app_id` = 'ty9fd2848a039ab554' LIMIT 1 [ RunTime:0.000298s ]
[2024-05-16T13:19:52+08:00][sql] SHOW FULL COLUMNS FROM `admin` [ RunTime:0.000714s ]
[2024-05-16T13:19:52+08:00][sql] SELECT `id`,`type`,`username`,`nickname`,`email`,`phone`,`avatar`,`password`,`halt`,`status` FROM `admin` WHERE  `username` = 'admin' LIMIT 1 [ RunTime:0.000315s ]
[2024-05-16T13:19:52+08:00][sql] SHOW FULL COLUMNS FROM `auth_group_access` [ RunTime:0.000475s ]
[2024-05-16T13:19:52+08:00][sql] SELECT `auth_group_access`.`uid`,`auth_group_access`.`group_id`,`auth_group`.`title`,`auth_group`.`rules` FROM `auth_group_access` LEFT JOIN `auth_group` ON `auth_group_access`.`group_id`=`auth_group`.`id` WHERE  ( auth_group_access.uid='1' and auth_group.status='1' ) [ RunTime:0.000334s ]
[2024-05-16T13:19:52+08:00][sql] UPDATE `admin`  SET `login_time` = '2024-05-16 13:19:52' , `login_ip` = '192.168.28.231' , `update_time` = '2024-05-16 13:19:52.297544'  WHERE  `id` = 1 [ RunTime:0.000323s ]
[2024-05-16T13:19:52+08:00][sql] SHOW FULL COLUMNS FROM `admin_login_log` [ RunTime:0.000574s ]
[2024-05-16T13:19:52+08:00][sql] INSERT INTO `admin_login_log` SET `uid` = 1 , `login_time` = '2024-05-16 13:19:52' , `login_ip` = '192.168.28.231' [ RunTime:0.000270s ]
[2024-05-16T13:19:52+08:00][sql] CONNECT:[ UseTime:0.000474s ] mysql:host=127.0.0.1;port=3308;dbname=jade;charset=utf8mb4
[2024-05-16T13:19:52+08:00][sql] SHOW FULL COLUMNS FROM `admin` [ RunTime:0.001002s ]
[2024-05-16T13:19:52+08:00][sql] SELECT `id`,`username`,`nickname`,`phone`,`email`,`avatar`,`sign` FROM `admin` WHERE  `id` = 1 LIMIT 1 [ RunTime:0.000357s ]
[2024-05-16T13:19:52+08:00][sql] SHOW FULL COLUMNS FROM `auth_group_access` [ RunTime:0.000756s ]
[2024-05-16T13:19:52+08:00][sql] SELECT `auth_group_access`.`uid`,`auth_group_access`.`group_id`,`auth_group`.`title`,`auth_group`.`rules` FROM `auth_group_access` LEFT JOIN `auth_group` ON `auth_group_access`.`group_id`=`auth_group`.`id` WHERE  ( auth_group_access.uid='1' and auth_group.status='1' ) [ RunTime:0.000350s ]
[2024-05-16T13:19:52+08:00][sql] SHOW FULL COLUMNS FROM `auth_rule` [ RunTime:0.000637s ]
[2024-05-16T13:19:52+08:00][sql] SELECT `id`,`name`,`title`,`path`,`icon`,`pid`,`menu`,`component`,`always_show`,`redirect`,`show` FROM `auth_rule` WHERE  `id` IN (1,2,3,4,5,6,7,8,9,10,11,12,13,14,15,33,36,54,34,35,29,31,81,82,83,84,85,72,32,74,73,76,75,40,50,49,53,52,51,56,55,48,46,77,78,79,80,60,61,62,63,47,58,59,57,64,67,66,65,68,71,70,69,16,17,18,25,86,88,89,91,93,90,92,87)  AND `status` = 1 ORDER BY `pid` ASC,`sort` DESC [ RunTime:0.000713s ]
[2024-05-16T13:19:52+08:00][sql] SELECT `group_id` FROM `auth_group_access` WHERE  `uid` = 1 [ RunTime:0.000310s ]
[2024-05-16T13:19:52+08:00][sql] CONNECT:[ UseTime:0.000504s ] mysql:host=127.0.0.1;port=3308;dbname=jade;charset=utf8mb4
[2024-05-16T13:19:52+08:00][sql] SHOW FULL COLUMNS FROM `admin_cartrailer` [ RunTime:0.000985s ]
[2024-05-16T13:19:52+08:00][sql] SELECT COUNT(*) AS think_count FROM `admin_cartrailer` LIMIT 1 [ RunTime:0.000382s ]
[2024-05-16T13:19:52+08:00][sql] SELECT * FROM `admin_cartrailer` ORDER BY `create_time` DESC LIMIT 0,10 [ RunTime:0.000447s ]
[2024-05-16T13:19:52+08:00][sql] SHOW FULL COLUMNS FROM `admin_carscope` [ RunTime:0.000926s ]
[2024-05-16T13:19:52+08:00][sql] SELECT `name` FROM `admin_carscope` WHERE  `id` = 4 [ RunTime:0.000388s ]
[2024-05-16T13:19:52+08:00][sql] SELECT `name` FROM `admin_carscope` WHERE  `id` = 4 [ RunTime:0.000321s ]
[2024-05-16T13:19:52+08:00][sql] SELECT `name` FROM `admin_carscope` WHERE  `id` = 4 [ RunTime:0.000304s ]
[2024-05-16T13:19:52+08:00][sql] SELECT `name` FROM `admin_carscope` WHERE  `id` = 4 [ RunTime:0.000712s ]
[2024-05-16T13:19:52+08:00][sql] SELECT `name` FROM `admin_carscope` WHERE  `id` IN (2,3) [ RunTime:0.000443s ]
[2024-05-16T13:19:52+08:00][sql] SELECT `name` FROM `admin_carscope` WHERE  `id` IN (3,5) [ RunTime:0.000394s ]
[2024-05-16T13:19:52+08:00][sql] SELECT `name` FROM `admin_carscope` WHERE  `id` IN (1,4) [ RunTime:0.000424s ]
[2024-05-16T13:19:53+08:00][sql] CONNECT:[ UseTime:0.000462s ] mysql:host=127.0.0.1;port=3308;dbname=jade;charset=utf8mb4
[2024-05-16T13:19:53+08:00][sql] SHOW FULL COLUMNS FROM `admin_carscope` [ RunTime:0.000607s ]
[2024-05-16T13:19:53+08:00][sql] SELECT `id`,`name`,`type` FROM `admin_carscope` [ RunTime:0.000219s ]
[2024-05-16T13:19:53+08:00][sql] CONNECT:[ UseTime:0.000463s ] mysql:host=127.0.0.1;port=3308;dbname=jade;charset=utf8mb4
[2024-05-16T13:19:53+08:00][sql] SHOW FULL COLUMNS FROM `admin_carscope` [ RunTime:0.000512s ]
[2024-05-16T13:19:53+08:00][sql] SELECT `id`,`name`,`type` FROM `admin_carscope` [ RunTime:0.000194s ]
[2024-05-16T13:21:56+08:00][sql] CONNECT:[ UseTime:0.022046s ] mysql:host=127.0.0.1;port=3308;dbname=jade;charset=utf8mb4
[2024-05-16T13:21:56+08:00][sql] SHOW FULL COLUMNS FROM `admin` [ RunTime:0.000799s ]
[2024-05-16T13:21:56+08:00][sql] SELECT `id`,`type`,`username`,`nickname`,`email`,`phone`,`avatar`,`password`,`halt`,`status` FROM `admin` WHERE  `username` = '驾驶员129韩' LIMIT 1 [ RunTime:0.000325s ]
[2024-05-16T13:21:56+08:00][sql] SHOW FULL COLUMNS FROM `auth_group_access` [ RunTime:0.001155s ]
[2024-05-16T13:21:56+08:00][sql] SELECT `auth_group_access`.`uid`,`auth_group_access`.`group_id`,`auth_group`.`title`,`auth_group`.`rules` FROM `auth_group_access` LEFT JOIN `auth_group` ON `auth_group_access`.`group_id`=`auth_group`.`id` WHERE  ( auth_group_access.uid='78' and auth_group.status='1' ) [ RunTime:0.000359s ]
[2024-05-16T13:21:56+08:00][sql] UPDATE `admin`  SET `login_time` = '2024-05-16 13:21:56' , `login_ip` = '192.168.28.231' , `update_time` = '2024-05-16 13:21:56.265573'  WHERE  `id` = 78 [ RunTime:0.000312s ]
[2024-05-16T13:21:56+08:00][sql] SHOW FULL COLUMNS FROM `admin_login_log` [ RunTime:0.003597s ]
[2024-05-16T13:21:56+08:00][sql] INSERT INTO `admin_login_log` SET `uid` = 78 , `login_time` = '2024-05-16 13:21:56' , `login_ip` = '192.168.28.231' [ RunTime:0.000467s ]
[2024-05-16T13:22:21+08:00][sql] CONNECT:[ UseTime:0.000478s ] mysql:host=127.0.0.1;port=3308;dbname=jade;charset=utf8mb4
[2024-05-16T13:24:36+08:00][sql] CONNECT:[ UseTime:0.013335s ] mysql:host=127.0.0.1;port=3308;dbname=jade;charset=utf8mb4
[2024-05-16T13:24:36+08:00][sql] SHOW FULL COLUMNS FROM `admin_cartrailer` [ RunTime:0.000779s ]
[2024-05-16T13:24:36+08:00][sql] SELECT COUNT(*) AS think_count FROM `admin_cartrailer` LIMIT 1 [ RunTime:0.000297s ]
[2024-05-16T13:24:36+08:00][sql] SELECT * FROM `admin_cartrailer` ORDER BY `create_time` DESC LIMIT 0,10 [ RunTime:0.000308s ]
[2024-05-16T13:24:36+08:00][sql] SHOW FULL COLUMNS FROM `admin_carscope` [ RunTime:0.000489s ]
[2024-05-16T13:24:36+08:00][sql] SELECT `name` FROM `admin_carscope` WHERE  `id` = 4 [ RunTime:0.000258s ]
[2024-05-16T13:24:36+08:00][sql] SELECT `name` FROM `admin_carscope` WHERE  `id` = 4 [ RunTime:0.000241s ]
[2024-05-16T13:24:36+08:00][sql] SELECT `name` FROM `admin_carscope` WHERE  `id` = 4 [ RunTime:0.000213s ]
[2024-05-16T13:24:36+08:00][sql] SELECT `name` FROM `admin_carscope` WHERE  `id` = 4 [ RunTime:0.000225s ]
[2024-05-16T13:24:36+08:00][sql] SELECT `name` FROM `admin_carscope` WHERE  `id` IN (2,3) [ RunTime:0.000245s ]
[2024-05-16T13:24:36+08:00][sql] SELECT `name` FROM `admin_carscope` WHERE  `id` IN (3,5) [ RunTime:0.000242s ]
[2024-05-16T13:24:36+08:00][sql] SELECT `name` FROM `admin_carscope` WHERE  `id` IN (1,4) [ RunTime:0.000231s ]
[2024-05-16T13:24:38+08:00][sql] CONNECT:[ UseTime:0.000459s ] mysql:host=127.0.0.1;port=3308;dbname=jade;charset=utf8mb4
[2024-05-16T13:24:38+08:00][sql] SHOW FULL COLUMNS FROM `admin_cartrailer` [ RunTime:0.001093s ]
[2024-05-16T13:24:38+08:00][sql] SELECT * FROM `admin_cartrailer` WHERE  `id` = 7 LIMIT 1 [ RunTime:0.000428s ]
[2024-05-16T13:24:38+08:00][sql] SHOW FULL COLUMNS FROM `admin_carscope` [ RunTime:0.000536s ]
[2024-05-16T13:24:38+08:00][sql] SELECT `name` FROM `admin_carscope` WHERE  `id` = 4 [ RunTime:0.000223s ]
[2024-05-16T13:24:56+08:00][sql] CONNECT:[ UseTime:0.010654s ] mysql:host=127.0.0.1;port=3308;dbname=jade;charset=utf8mb4
[2024-05-16T13:24:57+08:00][sql] SHOW FULL COLUMNS FROM `admin_cartrailer` [ RunTime:0.000607s ]
[2024-05-16T13:24:57+08:00][sql] UPDATE `admin_cartrailer`  SET `trailer_status` = 0  WHERE  `trailer_plate` = '辽A216' [ RunTime:0.000352s ]
[2024-05-16T13:24:57+08:00][sql] UPDATE `admin_cartrailer`  SET `trailer_status` = 1  WHERE  `trailer_plate` = '辽A215' [ RunTime:0.000323s ]
[2024-05-16T13:24:57+08:00][sql] SHOW FULL COLUMNS FROM `admin_action_log` [ RunTime:0.000524s ]
[2024-05-16T13:24:57+08:00][sql] INSERT INTO `admin_action_log` SET `uid` = 78 , `route` = '/admin/info/Pouring' , `method` = 'post' , `ip` = '192.168.28.231' , `param` = '{\"old_trailer\":\"\\u8fbdA216\",\"new_trailer\":\"\\u8fbdA215\"}' , `status` = 2 , `error` = '[]' , `create_time` = '2024-05-16 13:24:57.038102' , `update_time` = '2024-05-16 13:24:57.038111' [ RunTime:0.000361s ]
[2024-05-16T13:24:59+08:00][sql] CONNECT:[ UseTime:0.000481s ] mysql:host=127.0.0.1;port=3308;dbname=jade;charset=utf8mb4
[2024-05-16T13:24:59+08:00][sql] SHOW FULL COLUMNS FROM `admin_cartrailer` [ RunTime:0.000953s ]
[2024-05-16T13:24:59+08:00][sql] SELECT COUNT(*) AS think_count FROM `admin_cartrailer` LIMIT 1 [ RunTime:0.000193s ]
[2024-05-16T13:24:59+08:00][sql] SELECT * FROM `admin_cartrailer` ORDER BY `create_time` DESC LIMIT 0,10 [ RunTime:0.000264s ]
[2024-05-16T13:24:59+08:00][sql] SHOW FULL COLUMNS FROM `admin_carscope` [ RunTime:0.000587s ]
[2024-05-16T13:24:59+08:00][sql] SELECT `name` FROM `admin_carscope` WHERE  `id` = 4 [ RunTime:0.000286s ]
[2024-05-16T13:24:59+08:00][sql] SELECT `name` FROM `admin_carscope` WHERE  `id` = 4 [ RunTime:0.000195s ]
[2024-05-16T13:24:59+08:00][sql] SELECT `name` FROM `admin_carscope` WHERE  `id` = 4 [ RunTime:0.000223s ]
[2024-05-16T13:24:59+08:00][sql] SELECT `name` FROM `admin_carscope` WHERE  `id` = 4 [ RunTime:0.000197s ]
[2024-05-16T13:24:59+08:00][sql] SELECT `name` FROM `admin_carscope` WHERE  `id` IN (2,3) [ RunTime:0.000303s ]
[2024-05-16T13:24:59+08:00][sql] SELECT `name` FROM `admin_carscope` WHERE  `id` IN (3,5) [ RunTime:0.000183s ]
[2024-05-16T13:24:59+08:00][sql] SELECT `name` FROM `admin_carscope` WHERE  `id` IN (1,4) [ RunTime:0.000200s ]
[2024-05-16T13:27:07+08:00][sql] CONNECT:[ UseTime:0.011146s ] mysql:host=127.0.0.1;port=3308;dbname=jade;charset=utf8mb4
[2024-05-16T13:27:07+08:00][sql] SHOW FULL COLUMNS FROM `admin` [ RunTime:0.000701s ]
[2024-05-16T13:27:07+08:00][sql] SELECT `id`,`username`,`status`,`type`,`driver_status` FROM `admin` WHERE  `type` = '2'  AND `driver_status` = 0 [ RunTime:0.000339s ]
[2024-05-16T13:27:07+08:00][sql] SELECT `id`,`username`,`status`,`type`,`driver_status` FROM `admin` WHERE  `type` = '2'  AND `driver_status` = 0 [ RunTime:0.000292s ]
[2024-05-16T13:27:07+08:00][sql] SHOW FULL COLUMNS FROM `admin_carplan` [ RunTime:0.000627s ]
[2024-05-16T13:27:07+08:00][sql] SELECT * FROM `admin_carplan` WHERE  `driver_status` = 1  AND `plan_type` = 0  AND `driver_name` = '111' ORDER BY `create_time` DESC LIMIT 1 [ RunTime:0.000438s ]
[2024-05-16T13:27:07+08:00][sql] SELECT * FROM `admin_carplan` WHERE  `driver_status` = 1  AND `plan_type` = 0  AND `driver_name` = 'jiashi' ORDER BY `create_time` DESC LIMIT 1 [ RunTime:0.000410s ]
[2024-05-16T13:27:07+08:00][sql] SELECT * FROM `admin_carplan` WHERE  `driver_status` = 1  AND `plan_type` = 0  AND `driver_name` = '驾驶员' ORDER BY `create_time` DESC LIMIT 1 [ RunTime:0.000384s ]
[2024-05-16T13:27:07+08:00][sql] SELECT * FROM `admin_carplan` WHERE  `driver_status` = 1  AND `plan_type` = 0  AND `driver_name` = '驾驶' ORDER BY `create_time` DESC LIMIT 1 [ RunTime:0.000411s ]
[2024-05-16T13:27:07+08:00][sql] SELECT * FROM `admin_carplan` WHERE  `driver_status` = 1  AND `plan_type` = 0  AND `driver_name` = '驾驶员1' ORDER BY `create_time` DESC LIMIT 1 [ RunTime:0.000543s ]
[2024-05-16T13:27:07+08:00][sql] SELECT * FROM `admin_carplan` WHERE  `driver_status` = 1  AND `plan_type` = 0  AND `driver_name` = '驾驶员131邢' ORDER BY `create_time` DESC LIMIT 1 [ RunTime:0.000466s ]
[2024-05-16T13:27:07+08:00][sql] SELECT * FROM `admin_carplan` WHERE  `driver_status` = 1  AND `plan_type` = 0  AND `driver_name` = '驾驶员132邢' ORDER BY `create_time` DESC LIMIT 1 [ RunTime:0.000364s ]
[2024-05-16T13:27:07+08:00][sql] SELECT * FROM `admin_carplan` WHERE  `driver_status` = 1  AND `plan_type` = 0  AND `driver_name` = '驾驶员133' ORDER BY `create_time` DESC LIMIT 1 [ RunTime:0.000381s ]
[2024-05-16T13:27:07+08:00][sql] SELECT * FROM `admin_carplan` WHERE  `driver_status` = 1  AND `plan_type` = 0  AND `driver_name` = '驾驶员134' ORDER BY `create_time` DESC LIMIT 1 [ RunTime:0.000345s ]
[2024-05-16T13:27:07+08:00][sql] SHOW FULL COLUMNS FROM `admin_carescort` [ RunTime:0.000547s ]
[2024-05-16T13:27:07+08:00][sql] SELECT `id`,`name`,`escort_status` FROM `admin_carescort` WHERE  `escort_status` IN ('0','1') [ RunTime:0.000306s ]
[2024-05-16T13:27:07+08:00][sql] SHOW FULL COLUMNS FROM `admin_carhead` [ RunTime:0.000468s ]
[2024-05-16T13:27:07+08:00][sql] SELECT `id`,`carhead_plate`,`head_status` FROM `admin_carhead` WHERE  `head_status` IN (0,3) [ RunTime:0.000204s ]
[2024-05-16T13:27:07+08:00][sql] SHOW FULL COLUMNS FROM `admin_cartrailer` [ RunTime:0.000528s ]
[2024-05-16T13:27:07+08:00][sql] SELECT `id`,`trailer_plate`,`trailer_status` FROM `admin_cartrailer` [ RunTime:0.000253s ]
[2024-05-16T13:40:06+08:00][sql] CONNECT:[ UseTime:0.001355s ] mysql:host=127.0.0.1;port=3308;dbname=jade;charset=utf8mb4
[2024-05-16T13:40:06+08:00][sql] SHOW FULL COLUMNS FROM `admin` [ RunTime:0.001092s ]
[2024-05-16T13:40:06+08:00][sql] SELECT `id`,`username`,`status`,`type`,`driver_status` FROM `admin` WHERE  `type` = '2'  AND `driver_status` = 0 [ RunTime:0.000425s ]
[2024-05-16T13:40:06+08:00][sql] SELECT `id`,`username`,`status`,`type`,`driver_status` FROM `admin` WHERE  `type` = '2'  AND `driver_status` = 0 [ RunTime:0.000355s ]
[2024-05-16T13:40:06+08:00][sql] SHOW FULL COLUMNS FROM `admin_carplan` [ RunTime:0.000907s ]
[2024-05-16T13:40:06+08:00][sql] SELECT * FROM `admin_carplan` WHERE  `driver_status` = 1  AND `plan_type` = 0  AND `driver_name` = '111' ORDER BY `create_time` DESC LIMIT 1 [ RunTime:0.000575s ]
[2024-05-16T13:40:06+08:00][sql] SELECT * FROM `admin_carplan` WHERE  `driver_status` = 1  AND `plan_type` = 0  AND `driver_name` = 'jiashi' ORDER BY `create_time` DESC LIMIT 1 [ RunTime:0.000458s ]
[2024-05-16T13:40:06+08:00][sql] SELECT * FROM `admin_carplan` WHERE  `driver_status` = 1  AND `plan_type` = 0  AND `driver_name` = '驾驶员' ORDER BY `create_time` DESC LIMIT 1 [ RunTime:0.000367s ]
[2024-05-16T13:40:06+08:00][sql] SELECT * FROM `admin_carplan` WHERE  `driver_status` = 1  AND `plan_type` = 0  AND `driver_name` = '驾驶' ORDER BY `create_time` DESC LIMIT 1 [ RunTime:0.000328s ]
[2024-05-16T13:40:06+08:00][sql] SELECT * FROM `admin_carplan` WHERE  `driver_status` = 1  AND `plan_type` = 0  AND `driver_name` = '驾驶员1' ORDER BY `create_time` DESC LIMIT 1 [ RunTime:0.000367s ]
[2024-05-16T13:40:06+08:00][sql] SELECT * FROM `admin_carplan` WHERE  `driver_status` = 1  AND `plan_type` = 0  AND `driver_name` = '驾驶员131邢' ORDER BY `create_time` DESC LIMIT 1 [ RunTime:0.000466s ]
[2024-05-16T13:40:06+08:00][sql] SELECT * FROM `admin_carplan` WHERE  `driver_status` = 1  AND `plan_type` = 0  AND `driver_name` = '驾驶员132邢' ORDER BY `create_time` DESC LIMIT 1 [ RunTime:0.000460s ]
[2024-05-16T13:40:06+08:00][sql] SELECT * FROM `admin_carplan` WHERE  `driver_status` = 1  AND `plan_type` = 0  AND `driver_name` = '驾驶员133' ORDER BY `create_time` DESC LIMIT 1 [ RunTime:0.000497s ]
[2024-05-16T13:40:06+08:00][sql] SELECT * FROM `admin_carplan` WHERE  `driver_status` = 1  AND `plan_type` = 0  AND `driver_name` = '驾驶员134' ORDER BY `create_time` DESC LIMIT 1 [ RunTime:0.000553s ]
[2024-05-16T13:40:06+08:00][sql] SHOW FULL COLUMNS FROM `admin_carescort` [ RunTime:0.000722s ]
[2024-05-16T13:40:06+08:00][sql] SELECT `id`,`name`,`escort_status` FROM `admin_carescort` WHERE  `escort_status` IN ('0','1') [ RunTime:0.000263s ]
[2024-05-16T13:40:06+08:00][sql] SHOW FULL COLUMNS FROM `admin_carhead` [ RunTime:0.000755s ]
[2024-05-16T13:40:06+08:00][sql] SELECT `id`,`carhead_plate`,`head_status` FROM `admin_carhead` WHERE  `head_status` IN (0,3) [ RunTime:0.000260s ]
[2024-05-16T13:40:06+08:00][sql] SHOW FULL COLUMNS FROM `admin_cartrailer` [ RunTime:0.000742s ]
[2024-05-16T13:40:06+08:00][sql] SELECT `id`,`trailer_plate`,`trailer_status` FROM `admin_cartrailer` [ RunTime:0.000234s ]
[2024-05-16T13:40:18+08:00][sql] CONNECT:[ UseTime:0.000468s ] mysql:host=127.0.0.1;port=3308;dbname=jade;charset=utf8mb4
[2024-05-16T13:40:18+08:00][sql] SHOW FULL COLUMNS FROM `admin` [ RunTime:0.000774s ]
[2024-05-16T13:40:18+08:00][sql] SELECT `id`,`username`,`status`,`type`,`driver_status` FROM `admin` WHERE  `type` = '2'  AND `driver_status` = 0 [ RunTime:0.000272s ]
[2024-05-16T13:40:18+08:00][sql] SELECT `id`,`username`,`status`,`type`,`driver_status` FROM `admin` WHERE  `type` = '2'  AND `driver_status` = 0 [ RunTime:0.000220s ]
[2024-05-16T13:40:18+08:00][sql] SHOW FULL COLUMNS FROM `admin_carplan` [ RunTime:0.000588s ]
[2024-05-16T13:40:18+08:00][sql] SELECT * FROM `admin_carplan` WHERE  `driver_status` = 1  AND `plan_type` = 0  AND `driver_name` = '111' ORDER BY `create_time` DESC LIMIT 1 [ RunTime:0.000419s ]
[2024-05-16T13:40:18+08:00][sql] SELECT * FROM `admin_carplan` WHERE  `driver_status` = 1  AND `plan_type` = 0  AND `driver_name` = 'jiashi' ORDER BY `create_time` DESC LIMIT 1 [ RunTime:0.000304s ]
[2024-05-16T13:40:18+08:00][sql] SELECT * FROM `admin_carplan` WHERE  `driver_status` = 1  AND `plan_type` = 0  AND `driver_name` = '驾驶员' ORDER BY `create_time` DESC LIMIT 1 [ RunTime:0.000291s ]
[2024-05-16T13:40:18+08:00][sql] SELECT * FROM `admin_carplan` WHERE  `driver_status` = 1  AND `plan_type` = 0  AND `driver_name` = '驾驶' ORDER BY `create_time` DESC LIMIT 1 [ RunTime:0.000302s ]
[2024-05-16T13:40:18+08:00][sql] SELECT * FROM `admin_carplan` WHERE  `driver_status` = 1  AND `plan_type` = 0  AND `driver_name` = '驾驶员1' ORDER BY `create_time` DESC LIMIT 1 [ RunTime:0.000283s ]
[2024-05-16T13:40:18+08:00][sql] SELECT * FROM `admin_carplan` WHERE  `driver_status` = 1  AND `plan_type` = 0  AND `driver_name` = '驾驶员131邢' ORDER BY `create_time` DESC LIMIT 1 [ RunTime:0.000294s ]
[2024-05-16T13:40:18+08:00][sql] SELECT * FROM `admin_carplan` WHERE  `driver_status` = 1  AND `plan_type` = 0  AND `driver_name` = '驾驶员132邢' ORDER BY `create_time` DESC LIMIT 1 [ RunTime:0.000277s ]
[2024-05-16T13:40:18+08:00][sql] SELECT * FROM `admin_carplan` WHERE  `driver_status` = 1  AND `plan_type` = 0  AND `driver_name` = '驾驶员133' ORDER BY `create_time` DESC LIMIT 1 [ RunTime:0.000273s ]
[2024-05-16T13:40:18+08:00][sql] SELECT * FROM `admin_carplan` WHERE  `driver_status` = 1  AND `plan_type` = 0  AND `driver_name` = '驾驶员134' ORDER BY `create_time` DESC LIMIT 1 [ RunTime:0.000272s ]
[2024-05-16T13:40:18+08:00][sql] SHOW FULL COLUMNS FROM `admin_carescort` [ RunTime:0.000486s ]
[2024-05-16T13:40:18+08:00][sql] SELECT `id`,`name`,`escort_status` FROM `admin_carescort` WHERE  `escort_status` IN ('0','1') [ RunTime:0.000173s ]
[2024-05-16T13:40:18+08:00][sql] SHOW FULL COLUMNS FROM `admin_carhead` [ RunTime:0.000451s ]
[2024-05-16T13:40:18+08:00][sql] SELECT `id`,`carhead_plate`,`head_status` FROM `admin_carhead` WHERE  `head_status` IN (0,3) [ RunTime:0.000178s ]
[2024-05-16T13:40:18+08:00][sql] SHOW FULL COLUMNS FROM `admin_cartrailer` [ RunTime:0.000450s ]
[2024-05-16T13:40:18+08:00][info] 错误日志
[2024-05-16T13:40:18+08:00][error] 信息：SQLSTATE[42S22]: Column not found: 1054 Unknown column '1' in 'where clause'
[2024-05-16T13:40:18+08:00][error] 行数：797
[2024-05-16T13:40:18+08:00][error] 所在文件：D:\WampServer\WAMP64\www\PHP\thinkphp\tp6-vue(1)\tp6-vue\vendor\topthink\think-orm\src\db\PDOConnection.php
[2024-05-16T13:40:39+08:00][sql] CONNECT:[ UseTime:0.000472s ] mysql:host=127.0.0.1;port=3308;dbname=jade;charset=utf8mb4
[2024-05-16T13:40:39+08:00][sql] SHOW FULL COLUMNS FROM `admin` [ RunTime:0.000782s ]
[2024-05-16T13:40:39+08:00][sql] SELECT `id`,`username`,`status`,`type`,`driver_status` FROM `admin` WHERE  `type` = '2'  AND `driver_status` = 0 [ RunTime:0.000312s ]
[2024-05-16T13:40:39+08:00][sql] SELECT `id`,`username`,`status`,`type`,`driver_status` FROM `admin` WHERE  `type` = '2'  AND `driver_status` = 0 [ RunTime:0.000246s ]
[2024-05-16T13:40:56+08:00][sql] CONNECT:[ UseTime:0.000564s ] mysql:host=127.0.0.1;port=3308;dbname=jade;charset=utf8mb4
[2024-05-16T13:40:56+08:00][sql] SHOW FULL COLUMNS FROM `admin` [ RunTime:0.000752s ]
[2024-05-16T13:40:56+08:00][sql] SELECT `id`,`username`,`status`,`type`,`driver_status` FROM `admin` WHERE  `type` = '2'  AND `driver_status` = 0 [ RunTime:0.000279s ]
[2024-05-16T13:40:56+08:00][sql] SELECT `id`,`username`,`status`,`type`,`driver_status` FROM `admin` WHERE  `type` = '2'  AND `driver_status` = 0 [ RunTime:0.000238s ]
[2024-05-16T13:40:56+08:00][sql] SHOW FULL COLUMNS FROM `admin_carplan` [ RunTime:0.000578s ]
[2024-05-16T13:40:56+08:00][sql] SELECT * FROM `admin_carplan` WHERE  `driver_status` = 1  AND `plan_type` = 0  AND `driver_name` = '111' ORDER BY `create_time` DESC LIMIT 1 [ RunTime:0.000355s ]
[2024-05-16T13:40:56+08:00][sql] SELECT * FROM `admin_carplan` WHERE  `driver_status` = 1  AND `plan_type` = 0  AND `driver_name` = 'jiashi' ORDER BY `create_time` DESC LIMIT 1 [ RunTime:0.000347s ]
[2024-05-16T13:40:56+08:00][sql] SELECT * FROM `admin_carplan` WHERE  `driver_status` = 1  AND `plan_type` = 0  AND `driver_name` = '驾驶员' ORDER BY `create_time` DESC LIMIT 1 [ RunTime:0.000325s ]
[2024-05-16T13:40:56+08:00][sql] SELECT * FROM `admin_carplan` WHERE  `driver_status` = 1  AND `plan_type` = 0  AND `driver_name` = '驾驶' ORDER BY `create_time` DESC LIMIT 1 [ RunTime:0.000415s ]
[2024-05-16T13:40:56+08:00][sql] SELECT * FROM `admin_carplan` WHERE  `driver_status` = 1  AND `plan_type` = 0  AND `driver_name` = '驾驶员1' ORDER BY `create_time` DESC LIMIT 1 [ RunTime:0.000412s ]
[2024-05-16T13:40:56+08:00][sql] SELECT * FROM `admin_carplan` WHERE  `driver_status` = 1  AND `plan_type` = 0  AND `driver_name` = '驾驶员131邢' ORDER BY `create_time` DESC LIMIT 1 [ RunTime:0.000382s ]
[2024-05-16T13:40:56+08:00][sql] SELECT * FROM `admin_carplan` WHERE  `driver_status` = 1  AND `plan_type` = 0  AND `driver_name` = '驾驶员132邢' ORDER BY `create_time` DESC LIMIT 1 [ RunTime:0.000371s ]
[2024-05-16T13:40:56+08:00][sql] SELECT * FROM `admin_carplan` WHERE  `driver_status` = 1  AND `plan_type` = 0  AND `driver_name` = '驾驶员133' ORDER BY `create_time` DESC LIMIT 1 [ RunTime:0.000374s ]
[2024-05-16T13:40:56+08:00][sql] SELECT * FROM `admin_carplan` WHERE  `driver_status` = 1  AND `plan_type` = 0  AND `driver_name` = '驾驶员134' ORDER BY `create_time` DESC LIMIT 1 [ RunTime:0.000468s ]
[2024-05-16T13:40:56+08:00][sql] SHOW FULL COLUMNS FROM `admin_carescort` [ RunTime:0.000634s ]
[2024-05-16T13:40:56+08:00][sql] SELECT `id`,`name`,`escort_status` FROM `admin_carescort` WHERE  `escort_status` IN ('0','1') [ RunTime:0.000294s ]
[2024-05-16T13:40:56+08:00][sql] SHOW FULL COLUMNS FROM `admin_carhead` [ RunTime:0.000544s ]
[2024-05-16T13:40:56+08:00][sql] SELECT `id`,`carhead_plate`,`head_status` FROM `admin_carhead` WHERE  `head_status` IN (0,3) [ RunTime:0.000301s ]
[2024-05-16T13:40:56+08:00][sql] SHOW FULL COLUMNS FROM `admin_cartrailer` [ RunTime:0.000565s ]
[2024-05-16T13:40:56+08:00][sql] SELECT `id`,`trailer_plate`,`trailer_status` FROM `admin_cartrailer` WHERE  `trailer_status` = 1 [ RunTime:0.000285s ]
[2024-05-16T13:41:08+08:00][sql] CONNECT:[ UseTime:0.013650s ] mysql:host=127.0.0.1;port=3308;dbname=jade;charset=utf8mb4
[2024-05-16T13:41:08+08:00][sql] SHOW FULL COLUMNS FROM `admin` [ RunTime:0.000622s ]
[2024-05-16T13:41:08+08:00][sql] SELECT `id`,`username`,`status`,`type`,`driver_status` FROM `admin` WHERE  `type` = '2'  AND `driver_status` = 0 [ RunTime:0.000270s ]
[2024-05-16T13:41:08+08:00][sql] SELECT `id`,`username`,`status`,`type`,`driver_status` FROM `admin` WHERE  `type` = '2'  AND `driver_status` = 0 [ RunTime:0.000196s ]
[2024-05-16T13:41:08+08:00][sql] SHOW FULL COLUMNS FROM `admin_carplan` [ RunTime:0.000527s ]
[2024-05-16T13:41:08+08:00][sql] SELECT * FROM `admin_carplan` WHERE  `driver_status` = 1  AND `plan_type` = 0  AND `driver_name` = '111' ORDER BY `create_time` DESC LIMIT 1 [ RunTime:0.000396s ]
[2024-05-16T13:41:08+08:00][sql] SELECT * FROM `admin_carplan` WHERE  `driver_status` = 1  AND `plan_type` = 0  AND `driver_name` = 'jiashi' ORDER BY `create_time` DESC LIMIT 1 [ RunTime:0.000504s ]
[2024-05-16T13:41:08+08:00][sql] SELECT * FROM `admin_carplan` WHERE  `driver_status` = 1  AND `plan_type` = 0  AND `driver_name` = '驾驶员' ORDER BY `create_time` DESC LIMIT 1 [ RunTime:0.000517s ]
[2024-05-16T13:41:08+08:00][sql] SELECT * FROM `admin_carplan` WHERE  `driver_status` = 1  AND `plan_type` = 0  AND `driver_name` = '驾驶' ORDER BY `create_time` DESC LIMIT 1 [ RunTime:0.000409s ]
[2024-05-16T13:41:08+08:00][sql] SELECT * FROM `admin_carplan` WHERE  `driver_status` = 1  AND `plan_type` = 0  AND `driver_name` = '驾驶员1' ORDER BY `create_time` DESC LIMIT 1 [ RunTime:0.000381s ]
[2024-05-16T13:41:08+08:00][sql] SELECT * FROM `admin_carplan` WHERE  `driver_status` = 1  AND `plan_type` = 0  AND `driver_name` = '驾驶员131邢' ORDER BY `create_time` DESC LIMIT 1 [ RunTime:0.000331s ]
[2024-05-16T13:41:08+08:00][sql] SELECT * FROM `admin_carplan` WHERE  `driver_status` = 1  AND `plan_type` = 0  AND `driver_name` = '驾驶员132邢' ORDER BY `create_time` DESC LIMIT 1 [ RunTime:0.000404s ]
[2024-05-16T13:41:08+08:00][sql] SELECT * FROM `admin_carplan` WHERE  `driver_status` = 1  AND `plan_type` = 0  AND `driver_name` = '驾驶员133' ORDER BY `create_time` DESC LIMIT 1 [ RunTime:0.000384s ]
[2024-05-16T13:41:08+08:00][sql] SELECT * FROM `admin_carplan` WHERE  `driver_status` = 1  AND `plan_type` = 0  AND `driver_name` = '驾驶员134' ORDER BY `create_time` DESC LIMIT 1 [ RunTime:0.000365s ]
[2024-05-16T13:41:08+08:00][sql] SHOW FULL COLUMNS FROM `admin_carescort` [ RunTime:0.000567s ]
[2024-05-16T13:41:08+08:00][sql] SELECT `id`,`name`,`escort_status` FROM `admin_carescort` WHERE  `escort_status` IN ('0','1') [ RunTime:0.000254s ]
[2024-05-16T13:41:08+08:00][sql] SHOW FULL COLUMNS FROM `admin_carhead` [ RunTime:0.000538s ]
[2024-05-16T13:41:08+08:00][sql] SELECT `id`,`carhead_plate`,`head_status` FROM `admin_carhead` WHERE  `head_status` IN (0,3) [ RunTime:0.000216s ]
[2024-05-16T13:41:08+08:00][sql] SHOW FULL COLUMNS FROM `admin_cartrailer` [ RunTime:0.000496s ]
[2024-05-16T13:41:08+08:00][sql] SELECT `id`,`trailer_plate`,`trailer_status` FROM `admin_cartrailer` [ RunTime:0.000179s ]
